2022-11-21 23:10:23,507 Display process starting
2022-11-21 23:10:23,733 Creating district Yard
2022-11-21 23:10:23,734 Creating district Latham
2022-11-21 23:10:23,734 Creating district Dell
2022-11-21 23:10:23,734 Creating district Shore
2022-11-21 23:10:23,734 Creating district Krulish
2022-11-21 23:10:23,734 Creating district Nassau
2022-11-21 23:10:23,734 Creating district Bank
2022-11-21 23:10:23,734 Creating district Cliveden
2022-11-21 23:10:23,734 Creating district Cliff
2022-11-21 23:10:23,734 Creating district Hyde
2022-11-21 23:10:23,735 Block KOSN10S11: set route to KRtN10S11: N10 => [] => S11 []
2022-11-21 23:10:23,735 Block N10: next west block is KOSN10S11
2022-11-21 23:10:23,735 Block KOSN10S11: next east block is N10
2022-11-21 23:10:23,735 Block S11: next east block is KOSN10S11
2022-11-21 23:10:23,736 Block KOSN10S11: next west block is S11
2022-11-21 23:10:23,736 Block KOSN20S21: set route to KRtN20S21: S21 => [] => N20 []
2022-11-21 23:10:23,736 Block S21: next east block is KOSN20S21
2022-11-21 23:10:23,736 Block KOSN20S21: next west block is S21
2022-11-21 23:10:23,736 Block N20: next west block is KOSN20S21
2022-11-21 23:10:23,736 Block KOSN20S21: next east block is N20
2022-11-21 23:10:23,736 Block N60: set route to NRtN60D: None => [(1, 9), (2, 9), (3, 9), (4, 9), (5, 9), (6, 9), (7, 9), (8, 9)] => NWOSCY ['NSw15', 'NSw17']
2022-11-21 23:10:23,736 could not determine entry block for N60/NRtN60D from name None
2022-11-21 23:10:23,736 Block N60: next east block is None
2022-11-21 23:10:23,736 Block NWOSCY: next east block is N60
2022-11-21 23:10:23,736 Block N60: next west block is NWOSCY
2022-11-21 23:10:23,737 Block YOSCJW: set route to YRtY11L10: L10 => [(130, 11), (131, 11), (132, 11), (133, 11), (134, 11), (135, 11)] => Y11 ['YSw3']
2022-11-21 23:10:23,737 Block L10: next west block is YOSCJW
2022-11-21 23:10:23,737 Block YOSCJW: next east block is L10
2022-11-21 23:10:23,737 Block Y11: next east block is YOSCJW
2022-11-21 23:10:23,737 Block YOSCJW: next west block is Y11
2022-11-21 23:10:23,737 Block YOSCJE: set route to YRtY21L20: Y21 => [(130, 13), (131, 13), (132, 13), (133, 13), (134, 13), (135, 13)] => L20 ['YSw1', 'YSw3']
2022-11-21 23:10:23,737 Block Y21: next east block is YOSCJE
2022-11-21 23:10:23,737 Block YOSCJE: next west block is Y21
2022-11-21 23:10:23,737 Block L20: next west block is YOSCJE
2022-11-21 23:10:23,737 Block YOSCJE: next east block is L20
2022-11-21 23:10:23,737 Block YOSEJW: set route to YRtY10Y11: Y11 => [(115, 11), (116, 11), (117, 11), (118, 11), (119, 11), (120, 11)] => Y10 ['YSw7', 'YSw9']
2022-11-21 23:10:23,737 Block Y11: next west block is YOSEJW
2022-11-21 23:10:23,737 Block YOSEJW: next east block is Y11
2022-11-21 23:10:23,737 Block Y10: next east block is YOSEJW
2022-11-21 23:10:23,737 Block YOSEJW: next west block is Y10
2022-11-21 23:10:23,737 Block YOSEJE: set route to YRtY20Y21: Y20 => [(115, 13), (116, 13), (117, 13), (118, 13), (119, 13), (120, 13)] => Y21 ['YSw7']
2022-11-21 23:10:23,738 Block Y20: next east block is YOSEJE
2022-11-21 23:10:23,738 Block YOSEJE: next west block is Y20
2022-11-21 23:10:23,738 Block Y21: next west block is YOSEJE
2022-11-21 23:10:23,738 Block YOSEJE: next east block is Y21
2022-11-21 23:10:23,738 Block YOSKL2: set route to YRtY10Y52: Y10 => [(96, 9), (97, 9), (98, 9), (99, 10), (100, 11), (101, 11), (102, 11), (103, 11), (104, 11), (105, 11)] => Y52 ['YSw17', 'YSw19', 'YSw21', 'YSw29']
2022-11-21 23:10:23,738 Block Y10: next west block is YOSKL2
2022-11-21 23:10:23,738 Block YOSKL2: next east block is Y10
2022-11-21 23:10:23,738 Block Y52: next east block is YOSKL2
2022-11-21 23:10:23,738 Block YOSKL2: next west block is Y52
2022-11-21 23:10:23,738 Block YOSKL1: set route to YRtY20Y51: Y51 => [(97, 13), (98, 13), (99, 13), (100, 13), (101, 13), (102, 13), (103, 13), (104, 13), (105, 13)] => Y20 ['YSw17', 'YSw21', 'YSw23', 'YSw25', 'YSw27']
2022-11-21 23:10:23,739 Block Y51: next east block is YOSKL1
2022-11-21 23:10:23,739 Block YOSKL1: next west block is Y51
2022-11-21 23:10:23,739 Block Y20: next west block is YOSKL1
2022-11-21 23:10:23,739 Block YOSKL1: next east block is Y20
2022-11-21 23:10:23,739 Block YOSKL3: route is None
2022-11-21 23:10:23,739 Block YOSKL4: set route to YRtY30Y51: Y30 => [(84, 13), (85, 13), (86, 13), (87, 13)] => Y51 ['YSw33']
2022-11-21 23:10:23,739 Block Y30: next east block is YOSKL4
2022-11-21 23:10:23,739 Block YOSKL4: next west block is Y30
2022-11-21 23:10:23,739 Block Y51: next west block is YOSKL4
2022-11-21 23:10:23,739 Block YOSKL4: next east block is Y51
2022-11-21 23:10:23,739 Block YOSWYW: set route to YRtY70Y81: Y81 => [(21, 30), (22, 30), (23, 30), (24, 30), (25, 30), (26, 30), (27, 30), (28, 30), (29, 30), (30, 30), (31, 30)] => Y70 ['YSw113', 'YSw115']
2022-11-21 23:10:23,739 Block Y81: next west block is YOSWYW
2022-11-21 23:10:23,739 Block YOSWYW: next east block is Y81
2022-11-21 23:10:23,739 Block Y70: next east block is YOSWYW
2022-11-21 23:10:23,739 Block YOSWYW: next west block is Y70
2022-11-21 23:10:23,739 Block YOSWYE: set route to YRtY87Y81: Y81 => [(46, 30), (47, 30), (48, 30), (49, 30), (50, 30), (51, 30), (52, 30), (53, 30), (54, 30), (55, 30)] => Y87 ['YSw134', 'YSw132']
2022-11-21 23:10:23,739 Block Y81: next east block is YOSWYE
2022-11-21 23:10:23,739 Block YOSWYE: next west block is Y81
2022-11-21 23:10:23,739 Block Y87: next west block is YOSWYE
2022-11-21 23:10:23,739 Block YOSWYE: next east block is Y87
2022-11-21 23:10:23,739 Block LOSLAW: set route to LRtL10L11A: L11 => [(8, 11), (9, 11), (10, 11), (11, 11), (12, 11), (13, 11), (14, 11), (15, 11), (16, 11), (17, 11), (18, 11), (19, 11), (20, 11)] => L10 ['LSw5', 'LSw7']
2022-11-21 23:10:23,739 Block L11: next west block is LOSLAW
2022-11-21 23:10:23,739 Block LOSLAW: next east block is L11
2022-11-21 23:10:23,739 Block L10: next east block is LOSLAW
2022-11-21 23:10:23,739 Block LOSLAW: next west block is L10
2022-11-21 23:10:23,739 Block LOSLAM: set route to LRtL20L21: L20 => [(8, 13), (9, 13), (10, 13), (11, 13), (12, 13), (13, 13), (14, 13), (15, 13), (16, 13), (17, 13), (18, 13), (19, 13), (20, 13)] => L21 ['LSw1', 'LSw3', 'LSw5', 'LSw7', 'LSw9']
2022-11-21 23:10:23,739 Block L20: next east block is LOSLAM
2022-11-21 23:10:23,739 Block LOSLAM: next west block is L20
2022-11-21 23:10:23,739 Block L21: next west block is LOSLAM
2022-11-21 23:10:23,739 Block LOSLAM: next east block is L21
2022-11-21 23:10:23,741 Block LOSLAE: set route to LRtP21L31A: P21 => [(8, 17), (9, 17), (10, 17), (11, 16), (12, 15), (13, 15), (14, 15), (15, 15), (16, 15), (17, 15), (18, 15), (19, 15), (20, 15)] => L31 ['LSw3', 'LSw9']
2022-11-21 23:10:23,741 Block P21: next east block is LOSLAE
2022-11-21 23:10:23,741 Block LOSLAE: next west block is P21
2022-11-21 23:10:23,741 Block L31: next west block is LOSLAE
2022-11-21 23:10:23,741 Block LOSLAE: next east block is L31
2022-11-21 23:10:23,741 Block LOSCAW: set route to LRtL11D10: D10 => [(30, 11), (31, 11), (32, 11), (33, 11), (34, 11), (35, 11)] => L11 ['LSw15']
2022-11-21 23:10:23,741 Block D10: next west block is LOSCAW
2022-11-21 23:10:23,741 Block LOSCAW: next east block is D10
2022-11-21 23:10:23,741 Block L11: next east block is LOSCAW
2022-11-21 23:10:23,741 Block LOSCAW: next west block is L11
2022-11-21 23:10:23,741 Block LOSCAM: set route to LRtL21D20: L21 => [(30, 13), (31, 13), (32, 13), (33, 13), (34, 13), (35, 13)] => D20 ['LSw15', 'LSw17']
2022-11-21 23:10:23,741 Block L21: next east block is LOSCAM
2022-11-21 23:10:23,741 Block LOSCAM: next west block is L21
2022-11-21 23:10:23,741 Block D20: next west block is LOSCAM
2022-11-21 23:10:23,741 Block LOSCAM: next east block is D20
2022-11-21 23:10:23,741 Block LOSCAE: route is None
2022-11-21 23:10:23,741 Block DOSVJE: set route to DRtD20D21: D20 => [(46, 13), (47, 13), (48, 13), (49, 13), (50, 13), (51, 13), (52, 13), (53, 13), (54, 13), (55, 13)] => D21 ['DSw3', 'DSw5', 'DSw7']
2022-11-21 23:10:23,741 Block D20: next east block is DOSVJE
2022-11-21 23:10:23,741 Block DOSVJE: next west block is D20
2022-11-21 23:10:23,741 Block D21: next west block is DOSVJE
2022-11-21 23:10:23,741 Block DOSVJE: next east block is D21
2022-11-21 23:10:23,742 Block DOSVJW: set route to DRtD10D11: D11 => [(46, 11), (47, 11), (48, 11), (49, 11), (50, 11), (51, 11), (52, 11), (53, 11), (54, 11), (55, 11)] => D10 ['DSw1', 'DSw5', 'DSw7']
2022-11-21 23:10:23,742 Block D11: next west block is DOSVJW
2022-11-21 23:10:23,742 Block DOSVJW: next east block is D11
2022-11-21 23:10:23,742 Block D10: next east block is DOSVJW
2022-11-21 23:10:23,742 Block DOSVJW: next west block is D10
2022-11-21 23:10:23,742 Block DOSFOE: set route to DRtD21S20: D21 => [(66, 13), (67, 13), (68, 13), (69, 13), (70, 13)] => S20 ['DSw11']
2022-11-21 23:10:23,742 Block D21: next east block is DOSFOE
2022-11-21 23:10:23,742 Block DOSFOE: next west block is D21
2022-11-21 23:10:23,742 Block S20: next west block is DOSFOE
2022-11-21 23:10:23,742 Block DOSFOE: next east block is S20
2022-11-21 23:10:23,742 Block DOSFOW: set route to DRtD11S10: S10 => [(66, 11), (67, 11), (68, 11), (69, 11), (70, 11)] => D11 ['DSw11']
2022-11-21 23:10:23,742 Block S10: next west block is DOSFOW
2022-11-21 23:10:23,742 Block DOSFOW: next east block is S10
2022-11-21 23:10:23,742 Block D11: next east block is DOSFOW
2022-11-21 23:10:23,742 Block DOSFOW: next west block is D11
2022-11-21 23:10:23,742 Block SOSW: set route to SRtS10H10: H10 => [(83, 11), (84, 11), (85, 11), (86, 11), (87, 11), (88, 11), (89, 11), (90, 11), (91, 11), (92, 11), (93, 11), (94, 11), (95, 11), (96, 11), (97, 11), (98, 11), (99, 11), (100, 11), (101, 11), (102, 11), (103, 11), (104, 11), (105, 11)] => S10 ['SSw3', 'SSw5', 'SSw11', 'SSw13']
2022-11-21 23:10:23,742 Block H10: next west block is SOSW
2022-11-21 23:10:23,742 Block SOSW: next east block is H10
2022-11-21 23:10:23,742 Block S10: next east block is SOSW
2022-11-21 23:10:23,742 Block SOSW: next west block is S10
2022-11-21 23:10:23,743 Block SOSE: set route to SRtS20H20: S20 => [(83, 13), (84, 13), (85, 13), (86, 13), (87, 13), (88, 13), (89, 13), (90, 13), (91, 13), (92, 13), (93, 13), (94, 13), (95, 13), (96, 13), (97, 13), (98, 13), (99, 13), (100, 13), (101, 13), (102, 13), (103, 13), (104, 13), (105, 13)] => H20 ['SSw3', 'SSw5', 'SSw7', 'SSw9']
2022-11-21 23:10:23,743 Block S20: next east block is SOSE
2022-11-21 23:10:23,743 Block SOSE: next west block is S20
2022-11-21 23:10:23,743 Block H20: next west block is SOSE
2022-11-21 23:10:23,743 Block SOSE: next east block is H20
2022-11-21 23:10:23,744 Block SOSHF: set route to SRtF10F11: F10 => [(87, 9), (88, 9), (89, 10), (90, 11), (91, 12), (92, 13), (93, 14), (94, 15), (95, 15)] => F11 []
2022-11-21 23:10:23,744 Block F10: next east block is SOSHF
2022-11-21 23:10:23,744 Block SOSHF: next west block is F10
2022-11-21 23:10:23,744 Block F11: next west block is SOSHF
2022-11-21 23:10:23,744 Block SOSHF: next east block is F11
2022-11-21 23:10:23,744 Block SOSHJW: set route to SRtH10H11: H11 => [(114, 11), (115, 11), (116, 11), (117, 11), (118, 11), (119, 11), (120, 11), (121, 11), (122, 11)] => H10 ['SSw19']
2022-11-21 23:10:23,744 Block H11: next west block is SOSHJW
2022-11-21 23:10:23,744 Block SOSHJW: next east block is H11
2022-11-21 23:10:23,744 Block H10: next east block is SOSHJW
2022-11-21 23:10:23,744 Block SOSHJW: next west block is H10
2022-11-21 23:10:23,744 Block SOSHJM: set route to SRtH20H21: H20 => [(114, 13), (115, 13), (116, 13), (117, 13), (118, 13), (119, 13), (120, 13), (121, 13), (122, 13)] => H21 ['SSw15', 'SSw17', 'SSw19']
2022-11-21 23:10:23,744 Block H20: next east block is SOSHJM
2022-11-21 23:10:23,744 Block SOSHJM: next west block is H20
2022-11-21 23:10:23,744 Block H21: next west block is SOSHJM
2022-11-21 23:10:23,744 Block SOSHJM: next east block is H21
2022-11-21 23:10:23,744 Block SOSHJE: set route to SRtP42N25: P42 => [(114, 15), (115, 15), (116, 15), (117, 15), (118, 16), (119, 17), (120, 17)] => N25 ['SSw15']
2022-11-21 23:10:23,744 Block P42: next east block is SOSHJE
2022-11-21 23:10:23,745 Block SOSHJE: next west block is P42
2022-11-21 23:10:23,745 Block N25: next west block is SOSHJE
2022-11-21 23:10:23,745 Block SOSHJE: next east block is N25
2022-11-21 23:10:23,745 Block KOSW: set route to KRtN10N11: N11 => [(141, 11), (142, 11), (143, 11), (144, 11), (145, 11), (146, 11), (147, 11), (148, 11), (149, 11)] => N10 ['KSw3', 'KSw5', 'KSw7']
2022-11-21 23:10:23,745 Block N11: next west block is KOSW
2022-11-21 23:10:23,745 Block KOSW: next east block is N11
2022-11-21 23:10:23,745 Block N10: next east block is KOSW
2022-11-21 23:10:23,745 Block KOSW: next west block is N10
2022-11-21 23:10:23,745 Block KOSM: route is None
2022-11-21 23:10:23,745 Block KOSE: set route to KRtN20N21: N20 => [(141, 15), (142, 15), (143, 15), (144, 14), (145, 13), (146, 13), (147, 13), (148, 13), (149, 13)] => N21 ['KSw1', 'KSw5']
2022-11-21 23:10:23,745 Block N20: next east block is KOSE
2022-11-21 23:10:23,745 Block KOSE: next west block is N20
2022-11-21 23:10:23,745 Block N21: next west block is KOSE
2022-11-21 23:10:23,745 Block KOSE: next east block is N21
2022-11-21 23:10:23,745 Block NWOSTY: set route to NRtT12W10: W10 => [(17, 5), (18, 5), (19, 5)] => T12 ['NSw25']
2022-11-21 23:10:23,745 Block W10: next west block is NWOSTY
2022-11-21 23:10:23,745 Block NWOSTY: next east block is W10
2022-11-21 23:10:23,745 Block T12: next east block is NWOSTY
2022-11-21 23:10:23,745 Block NWOSTY: next west block is T12
2022-11-21 23:10:23,745 Block NWOSCY: set route to NRtN60N31: N31 => [(10, 9), (11, 9), (12, 9), (13, 9), (14, 9), (15, 9), (16, 9), (17, 9), (18, 9), (19, 9)] => N60 ['NSw21', 'NSw23', 'NSw27']
2022-11-21 23:10:23,746 Block N31: next west block is NWOSCY
2022-11-21 23:10:23,746 Block NWOSCY: next east block is N31
2022-11-21 23:10:23,746 Block N60: next east block is NWOSCY
2022-11-21 23:10:23,746 Block NWOSCY: next west block is N60
2022-11-21 23:10:23,746 Block NWOSW: set route to NRtN11N12: N12 => [(9, 11), (10, 11), (11, 11), (12, 11), (13, 11), (14, 11), (15, 11), (16, 11), (17, 11), (18, 11), (19, 11)] => N11 ['NSw19', 'NSw21', 'NSw27', 'NSw29']
2022-11-21 23:10:23,746 Block N12: next west block is NWOSW
2022-11-21 23:10:23,746 Block NWOSW: next east block is N12
2022-11-21 23:10:23,746 Block N11: next east block is NWOSW
2022-11-21 23:10:23,746 Block NWOSW: next west block is N11
2022-11-21 23:10:23,746 Block NWOSE: set route to NRtN21N22: N21 => [(9, 13), (10, 13), (11, 13), (12, 13), (13, 13), (14, 13), (15, 13), (16, 13), (17, 13), (18, 13), (19, 13)] => N22 ['NSw19', 'NSw29', 'NSw31']
2022-11-21 23:10:23,746 Block N21: next east block is NWOSE
2022-11-21 23:10:23,746 Block NWOSE: next west block is N21
2022-11-21 23:10:23,746 Block N22: next west block is NWOSE
2022-11-21 23:10:23,746 Block NWOSE: next east block is N22
2022-11-21 23:10:23,746 Block NEOSRH: set route to NRtR10W11: R10 => [(33, 5), (34, 6), (35, 7), (36, 8), (37, 9), (38, 9), (39, 9), (40, 9), (41, 9), (42, 9), (43, 9)] => W11 ['NSw47', 'NSw55']
2022-11-21 23:10:23,746 Block R10: next west block is NEOSRH
2022-11-21 23:10:23,746 Block NEOSRH: next east block is R10
2022-11-21 23:10:23,746 Block W11: next east block is NEOSRH
2022-11-21 23:10:23,746 Block NEOSRH: next west block is W11
2022-11-21 23:10:23,746 Block NEOSW: set route to NRtB10N12: B10 => [(30, 11), (31, 11), (32, 11), (33, 11), (34, 11), (35, 11), (36, 11), (37, 11), (38, 11), (39, 11), (40, 11), (41, 11), (42, 11), (43, 11)] => N12 ['NSw45', 'NSw47', 'NSw53', 'NSw55', 'NSw57']
2022-11-21 23:10:23,746 Block B10: next west block is NEOSW
2022-11-21 23:10:23,746 Block NEOSW: next east block is B10
2022-11-21 23:10:23,747 Block N12: next east block is NEOSW
2022-11-21 23:10:23,747 Block NEOSW: next west block is N12
2022-11-21 23:10:23,747 Block NEOSE: set route to NRtB20N22: N22 => [(30, 13), (31, 13), (32, 13), (33, 13), (34, 13), (35, 13), (36, 13), (37, 13), (38, 13), (39, 13), (40, 13), (41, 13), (42, 13), (43, 13)] => B20 ['NSw43', 'NSw45', 'NSw57']
2022-11-21 23:10:23,748 Block N22: next east block is NEOSE
2022-11-21 23:10:23,748 Block NEOSE: next west block is N22
2022-11-21 23:10:23,748 Block B20: next west block is NEOSE
2022-11-21 23:10:23,748 Block NEOSE: next east block is B20
2022-11-21 23:10:23,748 Block BOSWW: set route to BRtB10B11: B11 => [(53, 11), (54, 11), (55, 11), (56, 11), (57, 11)] => B10 ['CSw23']
2022-11-21 23:10:23,748 Block B11: next west block is BOSWW
2022-11-21 23:10:23,748 Block BOSWW: next east block is B11
2022-11-21 23:10:23,748 Block B10: next east block is BOSWW
2022-11-21 23:10:23,748 Block BOSWW: next west block is B10
2022-11-21 23:10:23,748 Block BOSWE: set route to BRtB20B21: B21 => [(53, 13), (54, 13), (55, 13), (56, 13), (57, 13)] => B20 ['CSw23']
2022-11-21 23:10:23,748 Block B21: next west block is BOSWE
2022-11-21 23:10:23,748 Block BOSWE: next east block is B21
2022-11-21 23:10:23,748 Block B20: next east block is BOSWE
2022-11-21 23:10:23,748 Block BOSWE: next west block is B20
2022-11-21 23:10:23,748 Block BOSE: set route to BRtB21C13: B21 => [(68, 13), (69, 13), (70, 13), (71, 13), (72, 13)] => C13 ['CSw17']
2022-11-21 23:10:23,748 Block B21: next east block is BOSE
2022-11-21 23:10:23,748 Block BOSE: next west block is B21
2022-11-21 23:10:23,748 Block C13: next west block is BOSE
2022-11-21 23:10:23,748 Block BOSE: next east block is C13
2022-11-21 23:10:23,749 Block COSCLW: set route to CRtC13C23: C23 => [(82, 13), (83, 13), (84, 13), (85, 13), (86, 13)] => C13 ['CSw13']
2022-11-21 23:10:23,749 Block C23: next west block is COSCLW
2022-11-21 23:10:23,749 Block COSCLW: next east block is C23
2022-11-21 23:10:23,749 Block C13: next east block is COSCLW
2022-11-21 23:10:23,749 Block COSCLW: next west block is C13
2022-11-21 23:10:23,749 Block COSCLEW: set route to CRtC23C22: C22 => [(95, 13), (96, 13), (97, 13), (98, 13), (99, 13)] => C23 ['CSw9']
2022-11-21 23:10:23,749 Block C22: next west block is COSCLEW
2022-11-21 23:10:23,749 Block COSCLEW: next east block is C22
2022-11-21 23:10:23,749 Block C23: next east block is COSCLEW
2022-11-21 23:10:23,749 Block COSCLEW: next west block is C23
2022-11-21 23:10:23,749 Block COSCLEE: set route to CRtC12C11: C12 => [(95, 15), (96, 15), (97, 15), (98, 15), (99, 15)] => C11 ['CSw9']
2022-11-21 23:10:23,749 Block C12: next east block is COSCLEE
2022-11-21 23:10:23,749 Block COSCLEE: next west block is C12
2022-11-21 23:10:23,749 Block C11: next west block is COSCLEE
2022-11-21 23:10:23,749 Block COSCLEE: next east block is C11
2022-11-21 23:10:23,749 Block COSGMW: set route to CRtC11C10: C11 => [(119, 30), (120, 30), (121, 30), (122, 30), (123, 30), (124, 30), (125, 30)] => C10 ['CSw39', 'CSw41']
2022-11-21 23:10:23,749 Block C11: next east block is COSGMW
2022-11-21 23:10:23,749 Block COSGMW: next west block is C11
2022-11-21 23:10:23,749 Block C10: next west block is COSGMW
2022-11-21 23:10:23,749 Block COSGMW: next east block is C10
2022-11-21 23:10:23,749 Block COSGME: set route to CRtC10C20: C10 => [(146, 30), (147, 30), (148, 30), (149, 30), (150, 30), (151, 30)] => C20 ['CSw31', 'CSw33']
2022-11-21 23:10:23,750 Block C10: next east block is COSGME
2022-11-21 23:10:23,750 Block COSGME: next west block is C10
2022-11-21 23:10:23,750 Block C20: next west block is COSGME
2022-11-21 23:10:23,750 Block COSGME: next east block is C20
2022-11-21 23:10:23,750 Block COSSHE: set route to CRtC20C44: C20 => [(144, 3), (145, 3), (146, 3), (147, 3), (148, 3), (149, 3), (150, 3), (151, 3), (152, 3), (153, 3), (154, 3)] => C44 ['CSw43', 'CSw49']
2022-11-21 23:10:23,750 Block C20: next west block is COSSHE
2022-11-21 23:10:23,750 Block COSSHE: next east block is C20
2022-11-21 23:10:23,750 Block C44: next east block is COSSHE
2022-11-21 23:10:23,750 Block COSSHE: next west block is C44
2022-11-21 23:10:23,750 Block COSSHW: set route to CRtC21C22: C21 => [(106, 13), (107, 13), (108, 13), (109, 13), (110, 13), (111, 13), (112, 13), (113, 13), (114, 13), (115, 13), (116, 13), (117, 13)] => C22 ['CSw55', 'CSw61', 'CSw73']
2022-11-21 23:10:23,750 Block C21: next west block is COSSHW
2022-11-21 23:10:23,750 Block COSSHW: next east block is C21
2022-11-21 23:10:23,750 Block C22: next east block is COSSHW
2022-11-21 23:10:23,750 Block COSSHW: next west block is C22
2022-11-21 23:10:23,750 Block HOSWW: set route to HRtH11H12: H12 => [(21, 13), (22, 13), (23, 13), (24, 13), (25, 13), (26, 13), (27, 13), (28, 13), (29, 13), (30, 13), (31, 13)] => H11 ['HSw1', 'HSw3']
2022-11-21 23:10:23,750 Block H12: next west block is HOSWW
2022-11-21 23:10:23,750 Block HOSWW: next east block is H12
2022-11-21 23:10:23,750 Block H11: next east block is HOSWW
2022-11-21 23:10:23,750 Block HOSWW: next west block is H11
2022-11-21 23:10:23,750 Block HOSWW2: set route to HRtH30H31: H31 => [(28, 5), (29, 5), (30, 5), (31, 5)] => H30 ['HSw7b']
2022-11-21 23:10:23,750 Block H31: next west block is HOSWW2
2022-11-21 23:10:23,750 Block HOSWW2: next east block is H31
2022-11-21 23:10:23,751 Block H30: next east block is HOSWW2
2022-11-21 23:10:23,751 Block HOSWW2: next west block is H30
2022-11-21 23:10:23,751 Block HOSWE: set route to HRtH21H22: H21 => [(21, 15), (22, 15), (23, 15), (24, 15), (25, 15), (26, 15), (27, 15), (28, 15), (29, 15), (30, 15), (31, 15)] => H22 ['HSw9', 'HSw11']
2022-11-21 23:10:23,751 Block H21: next east block is HOSWE
2022-11-21 23:10:23,751 Block HOSWE: next west block is H21
2022-11-21 23:10:23,751 Block H22: next west block is HOSWE
2022-11-21 23:10:23,751 Block HOSWE: next east block is H22
2022-11-21 23:10:23,751 Block HOSEW: set route to HRtH12H13: H13 => [(42, 13), (43, 13), (44, 13), (45, 13), (46, 13), (47, 13), (48, 13), (49, 13), (50, 13), (51, 13), (52, 13), (53, 13), (54, 13), (55, 13), (56, 13)] => H12 ['HSw15', 'HSw17', 'HSw19', 'HSw21']
2022-11-21 23:10:23,751 Block H13: next west block is HOSEW
2022-11-21 23:10:23,751 Block HOSEW: next east block is H13
2022-11-21 23:10:23,751 Block H12: next east block is HOSEW
2022-11-21 23:10:23,751 Block HOSEW: next west block is H12
2022-11-21 23:10:23,751 Block HOSEE: set route to HRtH22H23: H22 => [(42, 15), (43, 15), (44, 15), (45, 15), (46, 15), (47, 15), (48, 15), (49, 15), (50, 15), (51, 15), (52, 15), (53, 15), (54, 15), (55, 15), (56, 15)] => H23 ['HSw27', 'HSw29']
2022-11-21 23:10:23,751 Block H22: next east block is HOSEE
2022-11-21 23:10:23,751 Block HOSEE: next west block is H22
2022-11-21 23:10:23,751 Block H23: next west block is HOSEE
2022-11-21 23:10:23,751 Block HOSEE: next east block is H23
2022-11-21 23:10:25,895 Dispatch: sessionID: 11
2022-11-21 23:10:25,895 connected to railroad server with session ID 11
2022-11-21 23:10:25,895 Dispatch: block: [{'name': 'Y21.W', 'state': 0, 'dir': 'E'}]
2022-11-21 23:10:25,895 Dispatch: block: [{'name': 'Y21', 'state': 0, 'dir': 'E'}]
2022-11-21 23:10:25,896 Dispatch: block: [{'name': 'Y21.E', 'state': 0, 'dir': 'E'}]
2022-11-21 23:10:25,896 Dispatch: block: [{'name': 'YOSCJW', 'state': 0, 'dir': 'W'}]
2022-11-21 23:10:25,896 Dispatch: block: [{'name': 'YOSCJE', 'state': 0, 'dir': 'E'}]
2022-11-21 23:10:25,896 Dispatch: block: [{'name': 'L10.W', 'state': 0, 'dir': 'W'}]
2022-11-21 23:10:25,896 Dispatch: block: [{'name': 'L10', 'state': 0, 'dir': 'W'}]
2022-11-21 23:10:25,897 Dispatch: block: [{'name': 'Y20', 'state': 0, 'dir': 'E'}]
2022-11-21 23:10:25,897 Dispatch: block: [{'name': 'Y20.E', 'state': 0, 'dir': 'E'}]
2022-11-21 23:10:25,897 Dispatch: block: [{'name': 'YOSEJW', 'state': 0, 'dir': 'W'}]
2022-11-21 23:10:25,897 Dispatch: block: [{'name': 'YOSEJE', 'state': 0, 'dir': 'E'}]
2022-11-21 23:10:25,897 Dispatch: block: [{'name': 'Y11.W', 'state': 0, 'dir': 'W'}]
2022-11-21 23:10:25,897 Dispatch: block: [{'name': 'Y11', 'state': 0, 'dir': 'W'}]
2022-11-21 23:10:25,897 Dispatch: block: [{'name': 'Y30', 'state': 0, 'dir': 'W'}]
2022-11-21 23:10:25,897 Dispatch: block: [{'name': 'YOSKL4', 'state': 0, 'dir': 'E'}]
2022-11-21 23:10:25,897 Dispatch: block: [{'name': 'Y53', 'state': 0, 'dir': 'E'}]
2022-11-21 23:10:25,897 Dispatch: block: [{'name': 'Y52', 'state': 0, 'dir': 'E'}]
2022-11-21 23:10:25,897 Dispatch: block: [{'name': 'Y51', 'state': 0, 'dir': 'E'}]
2022-11-21 23:10:25,898 Dispatch: block: [{'name': 'Y50', 'state': 0, 'dir': 'E'}]
2022-11-21 23:10:25,898 Dispatch: block: [{'name': 'YOSKL3', 'state': 0, 'dir': 'W'}]
2022-11-21 23:10:25,898 Dispatch: block: [{'name': 'YOSKL1', 'state': 0, 'dir': 'E'}]
2022-11-21 23:10:25,898 Dispatch: block: [{'name': 'YOSKL2', 'state': 0, 'dir': 'W'}]
2022-11-21 23:10:25,898 Dispatch: block: [{'name': 'Y10', 'state': 0, 'dir': 'W'}]
2022-11-21 23:10:25,898 Dispatch: block: [{'name': 'Y70', 'state': 0, 'dir': 'W'}]
2022-11-21 23:10:25,898 Dispatch: block: [{'name': 'Y87', 'state': 0, 'dir': 'W'}]
2022-11-21 23:10:25,898 Dispatch: block: [{'name': 'Y81', 'state': 0, 'dir': 'W'}]
2022-11-21 23:10:25,898 Dispatch: block: [{'name': 'Y82', 'state': 0, 'dir': 'W'}]
2022-11-21 23:10:25,899 Dispatch: block: [{'name': 'Y83', 'state': 0, 'dir': 'W'}]
2022-11-21 23:10:25,899 Dispatch: block: [{'name': 'Y84', 'state': 0, 'dir': 'W'}]
2022-11-21 23:10:25,899 Dispatch: block: [{'name': 'YOSWYE', 'state': 0, 'dir': 'E'}]
2022-11-21 23:10:25,899 Dispatch: block: [{'name': 'YOSWYW', 'state': 0, 'dir': 'W'}]
2022-11-21 23:10:25,899 Dispatch: turnout: [{'name': 'YSw1', 'state': 'N'}]
2022-11-21 23:10:25,899 Dispatch: turnout: [{'name': 'YSw3', 'state': 'N'}]
2022-11-21 23:10:25,899 Dispatch: turnout: [{'name': 'YSw7', 'state': 'N'}]
2022-11-21 23:10:25,899 Dispatch: turnout: [{'name': 'YSw9', 'state': 'N'}]
2022-11-21 23:10:25,899 Dispatch: turnout: [{'name': 'YSw11', 'state': 'N'}]
2022-11-21 23:10:25,900 Dispatch: turnout: [{'name': 'YSw17', 'state': 'N'}]
2022-11-21 23:10:25,900 Dispatch: turnout: [{'name': 'YSw19', 'state': 'N'}]
2022-11-21 23:10:25,900 Block YOSKL1: set route to YRtY20Y51: Y51 => [(97, 13), (98, 13), (99, 13), (100, 13), (101, 13), (102, 13), (103, 13), (104, 13), (105, 13)] => Y20 ['YSw17', 'YSw21', 'YSw23', 'YSw25', 'YSw27']
2022-11-21 23:10:25,900 Block Y51: next east block is YOSKL1
2022-11-21 23:10:25,900 Block YOSKL1: next west block is Y51
2022-11-21 23:10:25,900 Block Y20: next west block is YOSKL1
2022-11-21 23:10:25,900 Block YOSKL1: next east block is Y20
2022-11-21 23:10:25,900 Block YOSKL2: set route to YRtY10Y52: Y10 => [(96, 9), (97, 9), (98, 9), (99, 10), (100, 11), (101, 11), (102, 11), (103, 11), (104, 11), (105, 11)] => Y52 ['YSw17', 'YSw19', 'YSw21', 'YSw29']
2022-11-21 23:10:25,901 Block Y10: next west block is YOSKL2
2022-11-21 23:10:25,901 Block YOSKL2: next east block is Y10
2022-11-21 23:10:25,901 Block Y52: next east block is YOSKL2
2022-11-21 23:10:25,901 Block YOSKL2: next west block is Y52
2022-11-21 23:10:25,901 Block YOSKL3: route is None
2022-11-21 23:10:25,901 Dispatch: turnout: [{'name': 'YSw21', 'state': 'N'}]
2022-11-21 23:10:25,901 Dispatch: turnout: [{'name': 'YSw23', 'state': 'N'}]
2022-11-21 23:10:25,901 Dispatch: turnout: [{'name': 'YSw25', 'state': 'N'}]
2022-11-21 23:10:25,901 Dispatch: turnout: [{'name': 'YSw27', 'state': 'N'}]
2022-11-21 23:10:25,901 Dispatch: turnout: [{'name': 'YSw29', 'state': 'N'}]
2022-11-21 23:10:25,901 Dispatch: turnout: [{'name': 'YSw33', 'state': 'N'}]
2022-11-21 23:10:25,902 Dispatch: control: [{'name': 'yard.fleet', 'value': 0}]
2022-11-21 23:10:25,902 Dispatch: turnout: [{'name': 'YSw113', 'state': 'N'}]
2022-11-21 23:10:25,902 Dispatch: turnout: [{'name': 'YSw115', 'state': 'N'}]
2022-11-21 23:10:25,902 Dispatch: turnout: [{'name': 'YSw116', 'state': 'N'}]
2022-11-21 23:10:25,902 Dispatch: turnout: [{'name': 'YSw131', 'state': 'N'}]
2022-11-21 23:10:25,902 Dispatch: turnout: [{'name': 'YSw132', 'state': 'N'}]
2022-11-21 23:10:25,902 Dispatch: turnout: [{'name': 'YSw134', 'state': 'N'}]
2022-11-21 23:10:25,903 Dispatch: block: [{'name': 'L20', 'state': 0, 'dir': 'E'}]
2022-11-21 23:10:25,903 Dispatch: block: [{'name': 'L20.E', 'state': 0, 'dir': 'E'}]
2022-11-21 23:10:25,903 Dispatch: block: [{'name': 'LOSLAW', 'state': 0, 'dir': 'W'}]
2022-11-21 23:10:25,903 Dispatch: block: [{'name': 'LOSLAM', 'state': 0, 'dir': 'E'}]
2022-11-21 23:10:25,903 Dispatch: block: [{'name': 'LOSLAE', 'state': 0, 'dir': 'E'}]
2022-11-21 23:10:25,903 Dispatch: block: [{'name': 'L11.W', 'state': 0, 'dir': 'W'}]
2022-11-21 23:10:25,903 Dispatch: block: [{'name': 'L11', 'state': 0, 'dir': 'W'}]
2022-11-21 23:10:25,904 Dispatch: block: [{'name': 'L21.W', 'state': 0, 'dir': 'E'}]
2022-11-21 23:10:25,904 Dispatch: block: [{'name': 'L21', 'state': 0, 'dir': 'E'}]
2022-11-21 23:10:25,904 Dispatch: block: [{'name': 'L21.E', 'state': 0, 'dir': 'E'}]
2022-11-21 23:10:25,904 Dispatch: block: [{'name': 'L31', 'state': 0, 'dir': 'E'}]
2022-11-21 23:10:25,904 Dispatch: block: [{'name': 'L31.E', 'state': 0, 'dir': 'E'}]
2022-11-21 23:10:25,904 Dispatch: block: [{'name': 'LOSCAE', 'state': 0, 'dir': 'E'}]
2022-11-21 23:10:25,904 Dispatch: block: [{'name': 'LOSCAM', 'state': 0, 'dir': 'E'}]
2022-11-21 23:10:25,904 Dispatch: block: [{'name': 'LOSCAW', 'state': 0, 'dir': 'W'}]
2022-11-21 23:10:25,904 Dispatch: block: [{'name': 'D10', 'state': 0, 'dir': 'W'}]
2022-11-21 23:10:25,904 Dispatch: block: [{'name': 'D10.W', 'state': 0, 'dir': 'W'}]
2022-11-21 23:10:25,905 Dispatch: block: [{'name': 'N25.W', 'state': 0, 'dir': 'W'}]
2022-11-21 23:10:25,905 Dispatch: block: [{'name': 'N25', 'state': 0, 'dir': 'W'}]
2022-11-21 23:10:25,905 Dispatch: block: [{'name': 'N25.E', 'state': 0, 'dir': 'W'}]
2022-11-21 23:10:25,905 Dispatch: block: [{'name': 'P21', 'state': 0, 'dir': 'W'}]
2022-11-21 23:10:25,905 Dispatch: block: [{'name': 'P21.E', 'state': 0, 'dir': 'E'}]
2022-11-21 23:10:25,905 Dispatch: turnout: [{'name': 'LSw1', 'state': 'N'}]
2022-11-21 23:10:25,905 Dispatch: turnout: [{'name': 'LSw3', 'state': 'N'}]
2022-11-21 23:10:25,905 Dispatch: turnout: [{'name': 'LSw5', 'state': 'N'}]
2022-11-21 23:10:25,906 Dispatch: turnout: [{'name': 'LSw7', 'state': 'N'}]
2022-11-21 23:10:25,906 Dispatch: turnout: [{'name': 'LSw9', 'state': 'N'}]
2022-11-21 23:10:25,906 Dispatch: turnout: [{'name': 'LSw15', 'state': 'N'}]
2022-11-21 23:10:25,906 Dispatch: turnout: [{'name': 'LSw17', 'state': 'N'}]
2022-11-21 23:10:25,906 Dispatch: turnout: [{'name': 'LSw11', 'state': 'N'}]
2022-11-21 23:10:25,906 Dispatch: turnout: [{'name': 'LSw13', 'state': 'N'}]
2022-11-21 23:10:25,906 Dispatch: breaker: [{'name': 'CBCircusJct', 'value': 0}]
2022-11-21 23:10:25,906 Set Breaker CBCircusJct to CLEAR
2022-11-21 23:10:25,906 Dispatch: breaker: [{'name': 'CBCliveden', 'value': 0}]
2022-11-21 23:10:25,907 Set Breaker CBCliveden to CLEAR
2022-11-21 23:10:25,907 Dispatch: breaker: [{'name': 'CBCornellJct', 'value': 0}]
2022-11-21 23:10:25,907 Set Breaker CBCornellJct to CLEAR
2022-11-21 23:10:25,907 Dispatch: breaker: [{'name': 'CBLatham', 'value': 0}]
2022-11-21 23:10:25,907 Set Breaker CBLatham to CLEAR
2022-11-21 23:10:25,907 Dispatch: breaker: [{'name': 'CBLavinYard', 'value': 0}]
2022-11-21 23:10:25,907 Set Breaker CBLavinYard to CLEAR
2022-11-21 23:10:25,907 Dispatch: breaker: [{'name': 'CBParsonsJct', 'value': 0}]
2022-11-21 23:10:25,907 Set Breaker CBParsonsJct to CLEAR
2022-11-21 23:10:25,908 Dispatch: breaker: [{'name': 'CBReverserC22C23', 'value': 0}]
2022-11-21 23:10:25,908 Set Breaker CBReverserC22C23 to CLEAR
2022-11-21 23:10:25,908 Dispatch: breaker: [{'name': 'CBReverserP31', 'value': 0}]
2022-11-21 23:10:25,908 Set Breaker CBReverserP31 to CLEAR
2022-11-21 23:10:25,908 Dispatch: breaker: [{'name': 'CBReverserP41', 'value': 0}]
2022-11-21 23:10:25,908 Set Breaker CBReverserP41 to CLEAR
2022-11-21 23:10:25,908 Dispatch: breaker: [{'name': 'CBReverserP50', 'value': 0}]
2022-11-21 23:10:25,908 Set Breaker CBReverserP50 to CLEAR
2022-11-21 23:10:25,908 Dispatch: breaker: [{'name': 'CBSouthJct', 'value': 0}]
2022-11-21 23:10:25,909 Set Breaker CBSouthJct to CLEAR
2022-11-21 23:10:25,909 Dispatch: breaker: [{'name': 'CBSouthport', 'value': 0}]
2022-11-21 23:10:25,909 Set Breaker CBSouthport to CLEAR
2022-11-21 23:10:25,909 Dispatch: block: [{'name': 'D20', 'state': 0, 'dir': 'E'}]
2022-11-21 23:10:25,909 Dispatch: block: [{'name': 'D20.E', 'state': 0, 'dir': 'E'}]
2022-11-21 23:10:25,909 Dispatch: block: [{'name': 'H23', 'state': 0, 'dir': 'E'}]
2022-11-21 23:10:25,909 Dispatch: block: [{'name': 'H23.E', 'state': 0, 'dir': 'E'}]
2022-11-21 23:10:25,910 Dispatch: block: [{'name': 'DOSVJW', 'state': 0, 'dir': 'W'}]
2022-11-21 23:10:25,910 Dispatch: block: [{'name': 'DOSVJE', 'state': 0, 'dir': 'E'}]
2022-11-21 23:10:25,910 Dispatch: block: [{'name': 'D11.W', 'state': 0, 'dir': 'W'}]
2022-11-21 23:10:25,910 Dispatch: block: [{'name': 'D11', 'state': 0, 'dir': 'E'}]
2022-11-21 23:10:25,910 Dispatch: block: [{'name': 'D11.E', 'state': 0, 'dir': 'W'}]
2022-11-21 23:10:25,910 Dispatch: block: [{'name': 'D21.W', 'state': 0, 'dir': 'E'}]
2022-11-21 23:10:25,911 Dispatch: block: [{'name': 'D21', 'state': 0, 'dir': 'E'}]
2022-11-21 23:10:25,911 Dispatch: block: [{'name': 'D21.E', 'state': 0, 'dir': 'E'}]
2022-11-21 23:10:25,911 Dispatch: block: [{'name': 'DOSFOW', 'state': 0, 'dir': 'W'}]
2022-11-21 23:10:25,911 Dispatch: block: [{'name': 'DOSFOE', 'state': 0, 'dir': 'E'}]
2022-11-21 23:10:25,911 Dispatch: block: [{'name': 'S10.W', 'state': 0, 'dir': 'W'}]
2022-11-21 23:10:25,912 Dispatch: block: [{'name': 'S10', 'state': 0, 'dir': 'E'}]
2022-11-21 23:10:25,912 Dispatch: block: [{'name': 'S10.E', 'state': 0, 'dir': 'W'}]
2022-11-21 23:10:25,912 Dispatch: block: [{'name': 'R11', 'state': 0, 'dir': 'E'}]
2022-11-21 23:10:25,912 Dispatch: block: [{'name': 'R12', 'state': 0, 'dir': 'E'}]
2022-11-21 23:10:25,912 Dispatch: turnout: [{'name': 'DSw1', 'state': 'N'}]
2022-11-21 23:10:25,912 Dispatch: turnout: [{'name': 'DSw3', 'state': 'N'}]
2022-11-21 23:10:25,912 Block DOSVJE: set route to DRtD20D21: D20 => [(46, 13), (47, 13), (48, 13), (49, 13), (50, 13), (51, 13), (52, 13), (53, 13), (54, 13), (55, 13)] => D21 ['DSw3', 'DSw5', 'DSw7']
2022-11-21 23:10:25,912 Block D20: next east block is DOSVJE
2022-11-21 23:10:25,912 Block DOSVJE: next west block is D20
2022-11-21 23:10:25,912 Block D21: next west block is DOSVJE
2022-11-21 23:10:25,912 Block DOSVJE: next east block is D21
2022-11-21 23:10:25,913 Block DOSVJW: set route to DRtD10D11: D11 => [(46, 11), (47, 11), (48, 11), (49, 11), (50, 11), (51, 11), (52, 11), (53, 11), (54, 11), (55, 11)] => D10 ['DSw1', 'DSw5', 'DSw7']
2022-11-21 23:10:25,913 Block D11: next west block is DOSVJW
2022-11-21 23:10:25,913 Block DOSVJW: next east block is D11
2022-11-21 23:10:25,913 Block D10: next east block is DOSVJW
2022-11-21 23:10:25,913 Block DOSVJW: next west block is D10
2022-11-21 23:10:25,913 Dispatch: turnout: [{'name': 'DSw5', 'state': 'N'}]
2022-11-21 23:10:25,913 Dispatch: turnout: [{'name': 'DSw7', 'state': 'N'}]
2022-11-21 23:10:25,914 Dispatch: turnout: [{'name': 'DSw11', 'state': 'N'}]
2022-11-21 23:10:25,914 Dispatch: turnout: [{'name': 'DSw9', 'state': 'N'}]
2022-11-21 23:10:25,914 Dispatch: block: [{'name': 'S20.W', 'state': 0, 'dir': 'E'}]
2022-11-21 23:10:25,914 Dispatch: block: [{'name': 'S20', 'state': 0, 'dir': 'E'}]
2022-11-21 23:10:25,914 Dispatch: block: [{'name': 'S20.E', 'state': 0, 'dir': 'E'}]
2022-11-21 23:10:25,914 Dispatch: block: [{'name': 'SOSW', 'state': 0, 'dir': 'W'}]
2022-11-21 23:10:25,914 Dispatch: block: [{'name': 'SOSE', 'state': 0, 'dir': 'E'}]
2022-11-21 23:10:25,915 Dispatch: block: [{'name': 'S11.W', 'state': 0, 'dir': 'W'}]
2022-11-21 23:10:25,915 Dispatch: block: [{'name': 'S11', 'state': 0, 'dir': 'E'}]
2022-11-21 23:10:25,915 Dispatch: block: [{'name': 'S11.E', 'state': 0, 'dir': 'W'}]
2022-11-21 23:10:25,915 Dispatch: block: [{'name': 'S21', 'state': 0, 'dir': 'E'}]
2022-11-21 23:10:25,915 Dispatch: block: [{'name': 'H30.W', 'state': 0, 'dir': 'W'}]
2022-11-21 23:10:25,915 Dispatch: block: [{'name': 'H30', 'state': 0, 'dir': 'E'}]
2022-11-21 23:10:25,915 Dispatch: block: [{'name': 'H10.W', 'state': 0, 'dir': 'W'}]
2022-11-21 23:10:25,915 Dispatch: block: [{'name': 'H10', 'state': 0, 'dir': 'E'}]
2022-11-21 23:10:25,915 Dispatch: block: [{'name': 'F10', 'state': 0, 'dir': 'E'}]
2022-11-21 23:10:25,915 Dispatch: block: [{'name': 'F10.E', 'state': 0, 'dir': 'E'}]
2022-11-21 23:10:25,916 Dispatch: block: [{'name': 'SOSHF', 'state': 0, 'dir': 'E'}]
2022-11-21 23:10:25,916 Dispatch: block: [{'name': 'F11.W', 'state': 0, 'dir': 'W'}]
2022-11-21 23:10:25,916 Dispatch: block: [{'name': 'F11', 'state': 0, 'dir': 'W'}]
2022-11-21 23:10:25,916 Dispatch: block: [{'name': 'H20', 'state': 0, 'dir': 'E'}]
2022-11-21 23:10:25,916 Dispatch: block: [{'name': 'H20.E', 'state': 0, 'dir': 'E'}]
2022-11-21 23:10:25,916 Dispatch: block: [{'name': 'P42.W', 'state': 0, 'dir': 'E'}]
2022-11-21 23:10:25,916 Dispatch: block: [{'name': 'P42', 'state': 0, 'dir': 'W'}]
2022-11-21 23:10:25,916 Dispatch: block: [{'name': 'P42.E', 'state': 0, 'dir': 'E'}]
2022-11-21 23:10:25,916 Dispatch: block: [{'name': 'SOSHJW', 'state': 0, 'dir': 'W'}]
2022-11-21 23:10:25,917 Dispatch: block: [{'name': 'SOSHJM', 'state': 0, 'dir': 'E'}]
2022-11-21 23:10:25,917 Dispatch: block: [{'name': 'SOSHJE', 'state': 0, 'dir': 'E'}]
2022-11-21 23:10:25,917 Dispatch: block: [{'name': 'H11', 'state': 0, 'dir': 'W'}]
2022-11-21 23:10:25,917 Dispatch: block: [{'name': 'H11.W', 'state': 0, 'dir': 'W'}]
2022-11-21 23:10:25,917 Dispatch: turnout: [{'name': 'SSw3', 'state': 'N'}]
2022-11-21 23:10:25,917 Dispatch: turnout: [{'name': 'SSw5', 'state': 'N'}]
2022-11-21 23:10:25,917 Dispatch: turnout: [{'name': 'SSw7', 'state': 'N'}]
2022-11-21 23:10:25,917 Dispatch: turnout: [{'name': 'SSw9', 'state': 'N'}]
2022-11-21 23:10:25,918 Dispatch: turnout: [{'name': 'SSw11', 'state': 'N'}]
2022-11-21 23:10:25,918 Dispatch: turnout: [{'name': 'SSw13', 'state': 'N'}]
2022-11-21 23:10:25,918 Dispatch: turnout: [{'name': 'SSw15', 'state': 'N'}]
2022-11-21 23:10:25,918 Dispatch: turnout: [{'name': 'SSw17', 'state': 'N'}]
2022-11-21 23:10:25,918 Dispatch: turnout: [{'name': 'SSw19', 'state': 'N'}]
2022-11-21 23:10:25,918 Dispatch: turnout: [{'name': 'SSw1', 'state': 'N'}]
2022-11-21 23:10:25,918 Dispatch: turnout: [{'name': 'CSw15', 'state': 'N'}]
2022-11-21 23:10:25,918 Dispatch: block: [{'name': 'N10.W', 'state': 0, 'dir': 'W'}]
2022-11-21 23:10:25,918 Dispatch: block: [{'name': 'N10', 'state': 0, 'dir': 'W'}]
2022-11-21 23:10:25,919 Dispatch: block: [{'name': 'N10.E', 'state': 0, 'dir': 'W'}]
2022-11-21 23:10:25,919 Dispatch: block: [{'name': 'N20.W', 'state': 0, 'dir': 'E'}]
2022-11-21 23:10:25,919 Dispatch: block: [{'name': 'N20', 'state': 0, 'dir': 'E'}]
2022-11-21 23:10:25,919 Dispatch: block: [{'name': 'N20.E', 'state': 0, 'dir': 'E'}]
2022-11-21 23:10:25,919 Dispatch: block: [{'name': 'KOSW', 'state': 0, 'dir': 'W'}]
2022-11-21 23:10:25,919 Dispatch: block: [{'name': 'KOSM', 'state': 0, 'dir': 'W'}]
2022-11-21 23:10:25,919 Dispatch: block: [{'name': 'KOSE', 'state': 0, 'dir': 'E'}]
2022-11-21 23:10:25,920 Dispatch: block: [{'name': 'N11.W', 'state': 0, 'dir': 'W'}]
2022-11-21 23:10:25,920 Dispatch: block: [{'name': 'N11', 'state': 0, 'dir': 'W'}]
2022-11-21 23:10:25,920 Dispatch: block: [{'name': 'N11.E', 'state': 0, 'dir': 'W'}]
2022-11-21 23:10:25,920 Dispatch: turnout: [{'name': 'KSw1', 'state': 'N'}]
2022-11-21 23:10:25,920 Dispatch: turnout: [{'name': 'KSw3', 'state': 'N'}]
2022-11-21 23:10:25,920 Dispatch: turnout: [{'name': 'KSw5', 'state': 'N'}]
2022-11-21 23:10:25,920 Dispatch: turnout: [{'name': 'KSw7', 'state': 'N'}]
2022-11-21 23:10:25,920 Dispatch: block: [{'name': 'N21.W', 'state': 0, 'dir': 'E'}]
2022-11-21 23:10:25,920 Dispatch: block: [{'name': 'N21', 'state': 0, 'dir': 'E'}]
2022-11-21 23:10:25,921 Dispatch: block: [{'name': 'N21.E', 'state': 0, 'dir': 'E'}]
2022-11-21 23:10:25,921 Dispatch: block: [{'name': 'NWOSTY', 'state': 0, 'dir': 'W'}]
2022-11-21 23:10:25,921 Dispatch: block: [{'name': 'NWOSCY', 'state': 0, 'dir': 'W'}]
2022-11-21 23:10:25,921 Dispatch: block: [{'name': 'NWOSW', 'state': 1, 'dir': 'W'}]
2022-11-21 23:10:25,921 {"settrain": {"block": "NWOSW", "name": "??0", "loco": "??"}}
2022-11-21 23:10:25,924 Starting new HTTP connection (1): 192.168.1.138:9000
2022-11-21 23:10:25,926 http://192.168.1.138:9000 "GET /settrain?block=NWOSW&name=%3F%3F0&loco=%3F%3F HTTP/1.1" 200 None
2022-11-21 23:10:25,927 Dispatch: block: [{'name': 'NWOSE', 'state': 0, 'dir': 'E'}]
2022-11-21 23:10:25,927 Dispatch: block: [{'name': 'N31', 'state': 0, 'dir': 'W'}]
2022-11-21 23:10:25,927 Dispatch: block: [{'name': 'N32', 'state': 0, 'dir': 'W'}]
2022-11-21 23:10:25,927 Dispatch: block: [{'name': 'N12', 'state': 0, 'dir': 'W'}]
2022-11-21 23:10:25,927 Dispatch: block: [{'name': 'N22', 'state': 0, 'dir': 'E'}]
2022-11-21 23:10:25,927 Dispatch: block: [{'name': 'N41', 'state': 0, 'dir': 'E'}]
2022-11-21 23:10:25,927 Dispatch: block: [{'name': 'N42', 'state': 0, 'dir': 'E'}]
2022-11-21 23:10:25,927 Dispatch: block: [{'name': 'NEOSW', 'state': 0, 'dir': 'W'}]
2022-11-21 23:10:25,928 Dispatch: block: [{'name': 'NEOSE', 'state': 0, 'dir': 'E'}]
2022-11-21 23:10:25,928 Dispatch: block: [{'name': 'NEOSRH', 'state': 0, 'dir': 'W'}]
2022-11-21 23:10:25,928 Dispatch: block: [{'name': 'B10.W', 'state': 0, 'dir': 'W'}]
2022-11-21 23:10:25,928 Dispatch: block: [{'name': 'B10', 'state': 0, 'dir': 'W'}]
2022-11-21 23:10:25,928 Dispatch: block: [{'name': 'N60', 'state': 0, 'dir': 'W'}]
2022-11-21 23:10:25,928 Dispatch: block: [{'name': 'T12', 'state': 0, 'dir': 'W'}]
2022-11-21 23:10:25,928 Dispatch: block: [{'name': 'W10', 'state': 0, 'dir': 'W'}]
2022-11-21 23:10:25,928 Dispatch: block: [{'name': 'W11', 'state': 0, 'dir': 'W'}]
2022-11-21 23:10:25,929 Dispatch: block: [{'name': 'W20', 'state': 0, 'dir': 'E'}]
2022-11-21 23:10:25,929 Dispatch: block: [{'name': 'R10.W', 'state': 0, 'dir': 'W'}]
2022-11-21 23:10:25,929 Dispatch: block: [{'name': 'R10', 'state': 0, 'dir': 'E'}]
2022-11-21 23:10:25,929 Dispatch: turnout: [{'name': 'NSw13', 'state': 'N'}]
2022-11-21 23:10:25,929 Dispatch: turnout: [{'name': 'NSw15', 'state': 'N'}]
2022-11-21 23:10:25,929 Dispatch: turnout: [{'name': 'NSw17', 'state': 'N'}]
2022-11-21 23:10:25,929 Dispatch: turnout: [{'name': 'NSw19', 'state': 'N'}]
2022-11-21 23:10:25,929 Dispatch: turnout: [{'name': 'NSw21', 'state': 'N'}]
2022-11-21 23:10:25,930 Dispatch: turnout: [{'name': 'NSw23', 'state': 'N'}]
2022-11-21 23:10:25,930 Block NWOSE: set route to NRtN21N22: N21 => [(9, 13), (10, 13), (11, 13), (12, 13), (13, 13), (14, 13), (15, 13), (16, 13), (17, 13), (18, 13), (19, 13)] => N22 ['NSw19', 'NSw29', 'NSw31']
2022-11-21 23:10:25,930 Block N21: next east block is NWOSE
2022-11-21 23:10:25,930 Block NWOSE: next west block is N21
2022-11-21 23:10:25,930 Block N22: next west block is NWOSE
2022-11-21 23:10:25,930 Block NWOSE: next east block is N22
2022-11-21 23:10:25,930 Block NWOSW: set route to NRtN11N12: N12 => [(9, 11), (10, 11), (11, 11), (12, 11), (13, 11), (14, 11), (15, 11), (16, 11), (17, 11), (18, 11), (19, 11)] => N11 ['NSw19', 'NSw21', 'NSw27', 'NSw29']
2022-11-21 23:10:25,930 Block N12: next west block is NWOSW
2022-11-21 23:10:25,930 Block NWOSW: next east block is N12
2022-11-21 23:10:25,930 Block N11: next east block is NWOSW
2022-11-21 23:10:25,930 Block NWOSW: next west block is N11
2022-11-21 23:10:25,931 Block NWOSCY: set route to NRtN60N31: N31 => [(10, 9), (11, 9), (12, 9), (13, 9), (14, 9), (15, 9), (16, 9), (17, 9), (18, 9), (19, 9)] => N60 ['NSw21', 'NSw23', 'NSw27']
2022-11-21 23:10:25,931 Block N31: next west block is NWOSCY
2022-11-21 23:10:25,931 Block NWOSCY: next east block is N31
2022-11-21 23:10:25,931 Block N60: next east block is NWOSCY
2022-11-21 23:10:25,931 Block NWOSCY: next west block is N60
2022-11-21 23:10:25,931 Dispatch: turnout: [{'name': 'NSw25', 'state': 'N'}]
2022-11-21 23:10:25,931 Dispatch: turnout: [{'name': 'NSw27', 'state': 'N'}]
2022-11-21 23:10:25,931 Dispatch: turnout: [{'name': 'NSw29', 'state': 'N'}]
2022-11-21 23:10:25,931 Block NWOSE: set route to NRtN21N22: N21 => [(9, 13), (10, 13), (11, 13), (12, 13), (13, 13), (14, 13), (15, 13), (16, 13), (17, 13), (18, 13), (19, 13)] => N22 ['NSw19', 'NSw29', 'NSw31']
2022-11-21 23:10:25,931 Block N21: next east block is NWOSE
2022-11-21 23:10:25,931 Block NWOSE: next west block is N21
2022-11-21 23:10:25,932 Block N22: next west block is NWOSE
2022-11-21 23:10:25,932 Block NWOSE: next east block is N22
2022-11-21 23:10:25,932 Block NWOSW: set route to NRtN11N12: N12 => [(9, 11), (10, 11), (11, 11), (12, 11), (13, 11), (14, 11), (15, 11), (16, 11), (17, 11), (18, 11), (19, 11)] => N11 ['NSw19', 'NSw21', 'NSw27', 'NSw29']
2022-11-21 23:10:25,932 Block N12: next west block is NWOSW
2022-11-21 23:10:25,932 Block NWOSW: next east block is N12
2022-11-21 23:10:25,932 Block N11: next east block is NWOSW
2022-11-21 23:10:25,932 Block NWOSW: next west block is N11
2022-11-21 23:10:25,932 Block NWOSCY: set route to NRtN60N31: N31 => [(10, 9), (11, 9), (12, 9), (13, 9), (14, 9), (15, 9), (16, 9), (17, 9), (18, 9), (19, 9)] => N60 ['NSw21', 'NSw23', 'NSw27']
2022-11-21 23:10:25,932 Block N31: next west block is NWOSCY
2022-11-21 23:10:25,932 Block NWOSCY: next east block is N31
2022-11-21 23:10:25,932 Block N60: next east block is NWOSCY
2022-11-21 23:10:25,932 Block NWOSCY: next west block is N60
2022-11-21 23:10:25,933 Block NWOSE: set route to NRtN21N22: N21 => [(9, 13), (10, 13), (11, 13), (12, 13), (13, 13), (14, 13), (15, 13), (16, 13), (17, 13), (18, 13), (19, 13)] => N22 ['NSw19', 'NSw29', 'NSw31']
2022-11-21 23:10:25,933 Block N21: next east block is NWOSE
2022-11-21 23:10:25,933 Block NWOSE: next west block is N21
2022-11-21 23:10:25,933 Block N22: next west block is NWOSE
2022-11-21 23:10:25,933 Block NWOSE: next east block is N22
2022-11-21 23:10:25,933 Block NWOSW: set route to NRtN11N12: N12 => [(9, 11), (10, 11), (11, 11), (12, 11), (13, 11), (14, 11), (15, 11), (16, 11), (17, 11), (18, 11), (19, 11)] => N11 ['NSw19', 'NSw21', 'NSw27', 'NSw29']
2022-11-21 23:10:25,933 Block N12: next west block is NWOSW
2022-11-21 23:10:25,933 Block NWOSW: next east block is N12
2022-11-21 23:10:25,933 Block N11: next east block is NWOSW
2022-11-21 23:10:25,933 Block NWOSW: next west block is N11
2022-11-21 23:10:25,933 Block NWOSCY: set route to NRtN60N31: N31 => [(10, 9), (11, 9), (12, 9), (13, 9), (14, 9), (15, 9), (16, 9), (17, 9), (18, 9), (19, 9)] => N60 ['NSw21', 'NSw23', 'NSw27']
2022-11-21 23:10:25,934 Block N31: next west block is NWOSCY
2022-11-21 23:10:25,934 Block NWOSCY: next east block is N31
2022-11-21 23:10:25,934 Block N60: next east block is NWOSCY
2022-11-21 23:10:25,934 Block NWOSCY: next west block is N60
2022-11-21 23:10:25,934 Dispatch: turnout: [{'name': 'NSw31', 'state': 'N'}]
2022-11-21 23:10:25,934 Block NWOSE: set route to NRtN21N22: N21 => [(9, 13), (10, 13), (11, 13), (12, 13), (13, 13), (14, 13), (15, 13), (16, 13), (17, 13), (18, 13), (19, 13)] => N22 ['NSw19', 'NSw29', 'NSw31']
2022-11-21 23:10:25,934 Block N21: next east block is NWOSE
2022-11-21 23:10:25,934 Block NWOSE: next west block is N21
2022-11-21 23:10:25,934 Block N22: next west block is NWOSE
2022-11-21 23:10:25,934 Block NWOSE: next east block is N22
2022-11-21 23:10:25,934 Block NWOSW: set route to NRtN11N12: N12 => [(9, 11), (10, 11), (11, 11), (12, 11), (13, 11), (14, 11), (15, 11), (16, 11), (17, 11), (18, 11), (19, 11)] => N11 ['NSw19', 'NSw21', 'NSw27', 'NSw29']
2022-11-21 23:10:25,935 Block N12: next west block is NWOSW
2022-11-21 23:10:25,935 Block NWOSW: next east block is N12
2022-11-21 23:10:25,935 Block N11: next east block is NWOSW
2022-11-21 23:10:25,935 Block NWOSW: next west block is N11
2022-11-21 23:10:25,935 Block NWOSCY: set route to NRtN60N31: N31 => [(10, 9), (11, 9), (12, 9), (13, 9), (14, 9), (15, 9), (16, 9), (17, 9), (18, 9), (19, 9)] => N60 ['NSw21', 'NSw23', 'NSw27']
2022-11-21 23:10:25,935 Block N31: next west block is NWOSCY
2022-11-21 23:10:25,935 Block NWOSCY: next east block is N31
2022-11-21 23:10:25,935 Block N60: next east block is NWOSCY
2022-11-21 23:10:25,935 Block NWOSCY: next west block is N60
2022-11-21 23:10:25,935 Dispatch: turnout: [{'name': 'NSw33', 'state': 'N'}]
2022-11-21 23:10:25,935 Dispatch: turnout: [{'name': 'NSw35', 'state': 'N'}]
2022-11-21 23:10:25,936 Dispatch: turnout: [{'name': 'NSw39', 'state': 'N'}]
2022-11-21 23:10:25,936 Dispatch: turnout: [{'name': 'NSw41', 'state': 'N'}]
2022-11-21 23:10:25,936 Dispatch: turnout: [{'name': 'NSw43', 'state': 'N'}]
2022-11-21 23:10:25,936 Block NEOSE: set route to NRtB20N22: N22 => [(30, 13), (31, 13), (32, 13), (33, 13), (34, 13), (35, 13), (36, 13), (37, 13), (38, 13), (39, 13), (40, 13), (41, 13), (42, 13), (43, 13)] => B20 ['NSw43', 'NSw45', 'NSw57']
2022-11-21 23:10:25,936 Block N22: next east block is NEOSE
2022-11-21 23:10:25,936 Block NEOSE: next west block is N22
2022-11-21 23:10:25,936 Block B20: next west block is NEOSE
2022-11-21 23:10:25,936 Block NEOSE: next east block is B20
2022-11-21 23:10:25,936 Block NEOSW: set route to NRtB10N12: B10 => [(30, 11), (31, 11), (32, 11), (33, 11), (34, 11), (35, 11), (36, 11), (37, 11), (38, 11), (39, 11), (40, 11), (41, 11), (42, 11), (43, 11)] => N12 ['NSw45', 'NSw47', 'NSw53', 'NSw55', 'NSw57']
2022-11-21 23:10:25,936 Block B10: next west block is NEOSW
2022-11-21 23:10:25,936 Block NEOSW: next east block is B10
2022-11-21 23:10:25,937 Block N12: next east block is NEOSW
2022-11-21 23:10:25,937 Block NEOSW: next west block is N12
2022-11-21 23:10:25,937 Block NEOSRH: set route to NRtR10W11: R10 => [(33, 5), (34, 6), (35, 7), (36, 8), (37, 9), (38, 9), (39, 9), (40, 9), (41, 9), (42, 9), (43, 9)] => W11 ['NSw47', 'NSw55']
2022-11-21 23:10:25,937 Block R10: next west block is NEOSRH
2022-11-21 23:10:25,937 Block NEOSRH: next east block is R10
2022-11-21 23:10:25,937 Block W11: next east block is NEOSRH
2022-11-21 23:10:25,937 Block NEOSRH: next west block is W11
2022-11-21 23:10:25,937 Dispatch: turnout: [{'name': 'NSw45', 'state': 'N'}]
2022-11-21 23:10:25,938 Block NEOSE: set route to NRtB20N22: N22 => [(30, 13), (31, 13), (32, 13), (33, 13), (34, 13), (35, 13), (36, 13), (37, 13), (38, 13), (39, 13), (40, 13), (41, 13), (42, 13), (43, 13)] => B20 ['NSw43', 'NSw45', 'NSw57']
2022-11-21 23:10:25,938 Block N22: next east block is NEOSE
2022-11-21 23:10:25,938 Block NEOSE: next west block is N22
2022-11-21 23:10:25,938 Block B20: next west block is NEOSE
2022-11-21 23:10:25,938 Block NEOSE: next east block is B20
2022-11-21 23:10:25,938 Block NEOSW: set route to NRtB10N12: B10 => [(30, 11), (31, 11), (32, 11), (33, 11), (34, 11), (35, 11), (36, 11), (37, 11), (38, 11), (39, 11), (40, 11), (41, 11), (42, 11), (43, 11)] => N12 ['NSw45', 'NSw47', 'NSw53', 'NSw55', 'NSw57']
2022-11-21 23:10:25,938 Block B10: next west block is NEOSW
2022-11-21 23:10:25,938 Block NEOSW: next east block is B10
2022-11-21 23:10:25,938 Block N12: next east block is NEOSW
2022-11-21 23:10:25,938 Block NEOSW: next west block is N12
2022-11-21 23:10:25,939 Block NEOSRH: set route to NRtR10W11: R10 => [(33, 5), (34, 6), (35, 7), (36, 8), (37, 9), (38, 9), (39, 9), (40, 9), (41, 9), (42, 9), (43, 9)] => W11 ['NSw47', 'NSw55']
2022-11-21 23:10:25,939 Block R10: next west block is NEOSRH
2022-11-21 23:10:25,939 Block NEOSRH: next east block is R10
2022-11-21 23:10:25,939 Block W11: next east block is NEOSRH
2022-11-21 23:10:25,939 Block NEOSRH: next west block is W11
2022-11-21 23:10:25,939 Block NEOSE: set route to NRtB20N22: N22 => [(30, 13), (31, 13), (32, 13), (33, 13), (34, 13), (35, 13), (36, 13), (37, 13), (38, 13), (39, 13), (40, 13), (41, 13), (42, 13), (43, 13)] => B20 ['NSw43', 'NSw45', 'NSw57']
2022-11-21 23:10:25,939 Block N22: next east block is NEOSE
2022-11-21 23:10:25,939 Block NEOSE: next west block is N22
2022-11-21 23:10:25,939 Block B20: next west block is NEOSE
2022-11-21 23:10:25,939 Block NEOSE: next east block is B20
2022-11-21 23:10:25,940 Block NEOSW: set route to NRtB10N12: B10 => [(30, 11), (31, 11), (32, 11), (33, 11), (34, 11), (35, 11), (36, 11), (37, 11), (38, 11), (39, 11), (40, 11), (41, 11), (42, 11), (43, 11)] => N12 ['NSw45', 'NSw47', 'NSw53', 'NSw55', 'NSw57']
2022-11-21 23:10:25,940 Block B10: next west block is NEOSW
2022-11-21 23:10:25,940 Block NEOSW: next east block is B10
2022-11-21 23:10:25,940 Block N12: next east block is NEOSW
2022-11-21 23:10:25,940 Block NEOSW: next west block is N12
2022-11-21 23:10:25,940 Block NEOSRH: set route to NRtR10W11: R10 => [(33, 5), (34, 6), (35, 7), (36, 8), (37, 9), (38, 9), (39, 9), (40, 9), (41, 9), (42, 9), (43, 9)] => W11 ['NSw47', 'NSw55']
2022-11-21 23:10:25,940 Block R10: next west block is NEOSRH
2022-11-21 23:10:25,940 Block NEOSRH: next east block is R10
2022-11-21 23:10:25,940 Block W11: next east block is NEOSRH
2022-11-21 23:10:25,940 Block NEOSRH: next west block is W11
2022-11-21 23:10:25,940 Dispatch: turnout: [{'name': 'NSw47', 'state': 'N'}]
2022-11-21 23:10:25,940 Dispatch: turnout: [{'name': 'NSw51', 'state': 'N'}]
2022-11-21 23:10:25,941 Dispatch: turnout: [{'name': 'NSw53', 'state': 'N'}]
2022-11-21 23:10:25,941 Dispatch: turnout: [{'name': 'NSw55', 'state': 'N'}]
2022-11-21 23:10:25,941 Dispatch: turnout: [{'name': 'NSw57', 'state': 'N'}]
2022-11-21 23:10:25,941 Dispatch: breaker: [{'name': 'CBKrulish', 'value': 0}]
2022-11-21 23:10:25,941 Set Breaker CBKrulish to CLEAR
2022-11-21 23:10:25,941 Dispatch: breaker: [{'name': 'CBKrulishYd', 'value': 0}]
2022-11-21 23:10:25,941 Set Breaker CBKrulishYd to CLEAR
2022-11-21 23:10:25,941 Dispatch: breaker: [{'name': 'CBNassauW', 'value': 0}]
2022-11-21 23:10:25,941 Set Breaker CBNassauW to CLEAR
2022-11-21 23:10:25,941 Dispatch: breaker: [{'name': 'CBNassauE', 'value': 0}]
2022-11-21 23:10:25,942 Set Breaker CBNassauE to CLEAR
2022-11-21 23:10:25,942 Dispatch: breaker: [{'name': 'CBSptJct', 'value': 0}]
2022-11-21 23:10:25,942 Set Breaker CBSptJct to CLEAR
2022-11-21 23:10:25,942 Dispatch: breaker: [{'name': 'CBWilson', 'value': 0}]
2022-11-21 23:10:25,942 Set Breaker CBWilson to CLEAR
2022-11-21 23:10:25,942 Dispatch: breaker: [{'name': 'CBThomas', 'value': 0}]
2022-11-21 23:10:25,942 Set Breaker CBThomas to CLEAR
2022-11-21 23:10:25,942 Dispatch: breaker: [{'name': 'CBFoss', 'value': 0}]
2022-11-21 23:10:25,942 Set Breaker CBFoss to CLEAR
2022-11-21 23:10:25,942 Dispatch: breaker: [{'name': 'CBDell', 'value': 0}]
2022-11-21 23:10:25,942 Set Breaker CBDell to CLEAR
2022-11-21 23:10:25,942 Dispatch: block: [{'name': 'B20', 'state': 0, 'dir': 'E'}]
2022-11-21 23:10:25,942 Dispatch: block: [{'name': 'B20.E', 'state': 0, 'dir': 'E'}]
2022-11-21 23:10:25,943 Dispatch: block: [{'name': 'BOSWW', 'state': 0, 'dir': 'W'}]
2022-11-21 23:10:25,943 Dispatch: block: [{'name': 'BOSWE', 'state': 0, 'dir': 'W'}]
2022-11-21 23:10:25,943 Dispatch: block: [{'name': 'B11.W', 'state': 0, 'dir': 'W'}]
2022-11-21 23:10:25,943 Dispatch: block: [{'name': 'B11', 'state': 0, 'dir': 'W'}]
2022-11-21 23:10:25,943 Dispatch: block: [{'name': 'B21.W', 'state': 0, 'dir': 'E'}]
2022-11-21 23:10:25,943 Dispatch: block: [{'name': 'B21', 'state': 0, 'dir': 'E'}]
2022-11-21 23:10:25,943 Dispatch: block: [{'name': 'B21.E', 'state': 0, 'dir': 'E'}]
2022-11-21 23:10:25,943 Dispatch: block: [{'name': 'BOSE', 'state': 0, 'dir': 'E'}]
2022-11-21 23:10:25,944 Dispatch: turnout: [{'name': 'CSw17', 'state': 'N'}]
2022-11-21 23:10:25,944 Dispatch: turnout: [{'name': 'CSw23', 'state': 'N'}]
2022-11-21 23:10:25,944 Dispatch: turnout: [{'name': 'CSw19', 'state': 'N'}]
2022-11-21 23:10:25,944 Dispatch: turnout: [{'name': 'CSw21a', 'state': 'N'}]
2022-11-21 23:10:25,944 Dispatch: turnout: [{'name': 'CSw21b', 'state': 'N'}]
2022-11-21 23:10:25,944 Dispatch: siglever: [{'name': 'C18.lvr', 'state': 'N'}]
2022-11-21 23:10:25,944 Dispatch: siglever: [{'name': 'C22.lvr', 'state': 'N'}]
2022-11-21 23:10:25,944 Dispatch: siglever: [{'name': 'C24.lvr', 'state': 'N'}]
2022-11-21 23:10:25,944 Dispatch: breaker: [{'name': 'CBBank', 'value': 0}]
2022-11-21 23:10:25,944 Set Breaker CBBank to CLEAR
2022-11-21 23:10:25,944 Dispatch: breaker: [{'name': 'CBBlockY30', 'value': 0}]
2022-11-21 23:10:25,944 Set Breaker CBBlockY30 to CLEAR
2022-11-21 23:10:25,944 Dispatch: breaker: [{'name': 'CBBlockY81', 'value': 0}]
2022-11-21 23:10:25,944 Set Breaker CBBlockY81 to CLEAR
2022-11-21 23:10:25,946 Dispatch: breaker: [{'name': 'CBEastEndJct', 'value': 0}]
2022-11-21 23:10:25,946 Set Breaker CBEastEndJct to CLEAR
2022-11-21 23:10:25,946 Dispatch: breaker: [{'name': 'CBEngineYard', 'value': 0}]
2022-11-21 23:10:25,946 Set Breaker CBEngineYard to CLEAR
2022-11-21 23:10:25,946 Dispatch: breaker: [{'name': 'CBHarpersFerry', 'value': 0}]
2022-11-21 23:10:25,946 Set Breaker CBHarpersFerry to CLEAR
2022-11-21 23:10:25,946 Dispatch: breaker: [{'name': 'CBKale', 'value': 0}]
2022-11-21 23:10:25,946 Set Breaker CBKale to CLEAR
2022-11-21 23:10:25,946 Dispatch: breaker: [{'name': 'CBRockyHill', 'value': 0}]
2022-11-21 23:10:25,946 Set Breaker CBRockyHill to CLEAR
2022-11-21 23:10:25,946 Dispatch: breaker: [{'name': 'CBShore', 'value': 0}]
2022-11-21 23:10:25,946 Set Breaker CBShore to CLEAR
2022-11-21 23:10:25,946 Dispatch: breaker: [{'name': 'CBWaterman', 'value': 0}]
2022-11-21 23:10:25,946 Set Breaker CBWaterman to CLEAR
2022-11-21 23:10:25,946 Dispatch: block: [{'name': 'C13.W', 'state': 0, 'dir': 'W'}]
2022-11-21 23:10:25,946 Dispatch: block: [{'name': 'C13', 'state': 0, 'dir': 'W'}]
2022-11-21 23:10:25,947 Dispatch: block: [{'name': 'C13.E', 'state': 0, 'dir': 'W'}]
2022-11-21 23:10:25,947 Dispatch: block: [{'name': 'COSCLW', 'state': 0, 'dir': 'W'}]
2022-11-21 23:10:25,947 Dispatch: block: [{'name': 'C23.W', 'state': 0, 'dir': 'W'}]
2022-11-21 23:10:25,947 Dispatch: block: [{'name': 'C23', 'state': 0, 'dir': 'W'}]
2022-11-21 23:10:25,947 Dispatch: block: [{'name': 'C12.W', 'state': 0, 'dir': 'E'}]
2022-11-21 23:10:25,947 Dispatch: block: [{'name': 'C12', 'state': 0, 'dir': 'E'}]
2022-11-21 23:10:25,947 Dispatch: block: [{'name': 'COSCLEW', 'state': 0, 'dir': 'W'}]
2022-11-21 23:10:25,947 Dispatch: block: [{'name': 'COSCLEE', 'state': 0, 'dir': 'E'}]
2022-11-21 23:10:25,947 Dispatch: block: [{'name': 'C22', 'state': 0, 'dir': 'W'}]
2022-11-21 23:10:25,947 Dispatch: block: [{'name': 'C11', 'state': 0, 'dir': 'E'}]
2022-11-21 23:10:25,948 Dispatch: turnout: [{'name': 'CSw9', 'state': 'N'}]
2022-11-21 23:10:25,948 Dispatch: turnout: [{'name': 'CSw13', 'state': 'N'}]
2022-11-21 23:10:25,948 Dispatch: turnout: [{'name': 'CSw11', 'state': 'N'}]
2022-11-21 23:10:25,948 Dispatch: siglever: [{'name': 'C10.lvr', 'state': 'N'}]
2022-11-21 23:10:25,948 Dispatch: siglever: [{'name': 'C12.lvr', 'state': 'N'}]
2022-11-21 23:10:25,948 Dispatch: siglever: [{'name': 'C14.lvr', 'state': 'N'}]
2022-11-21 23:10:25,948 Dispatch: breaker: [{'name': 'CBCarlton', 'value': 0}]
2022-11-21 23:10:25,948 Set Breaker CBCarlton to CLEAR
2022-11-21 23:10:25,948 Dispatch: breaker: [{'name': 'CBGreenMtnStn', 'value': 0}]
2022-11-21 23:10:25,948 Set Breaker CBGreenMtnStn to CLEAR
2022-11-21 23:10:25,948 Dispatch: breaker: [{'name': 'CBGreenMtnYd', 'value': 0}]
2022-11-21 23:10:25,948 Set Breaker CBGreenMtnYd to CLEAR
2022-11-21 23:10:25,948 Dispatch: breaker: [{'name': 'CBHydeEast', 'value': 0}]
2022-11-21 23:10:25,948 Set Breaker CBHydeEast to CLEAR
2022-11-21 23:10:25,948 Dispatch: breaker: [{'name': 'CBHydeJct', 'value': 0}]
2022-11-21 23:10:25,949 Set Breaker CBHydeJct to CLEAR
2022-11-21 23:10:25,949 Dispatch: breaker: [{'name': 'CBHydeWest', 'value': 0}]
2022-11-21 23:10:25,949 Set Breaker CBHydeWest to CLEAR
2022-11-21 23:10:25,949 Dispatch: breaker: [{'name': 'CBSheffieldA', 'value': 0}]
2022-11-21 23:10:25,949 Set Breaker CBSheffieldA to CLEAR
2022-11-21 23:10:25,949 Dispatch: breaker: [{'name': 'CBSheffieldB', 'value': 0}]
2022-11-21 23:10:25,949 Set Breaker CBSheffieldB to CLEAR
2022-11-21 23:10:25,949 Dispatch: breaker: [{'name': 'CBSouthportJct', 'value': 0}]
2022-11-21 23:10:25,949 Set Breaker CBSouthportJct to CLEAR
2022-11-21 23:10:25,949 Dispatch: block: [{'name': 'G21', 'state': 0, 'dir': 'E'}]
2022-11-21 23:10:25,949 Dispatch: block: [{'name': 'C10', 'state': 0, 'dir': 'E'}]
2022-11-21 23:10:25,950 Dispatch: block: [{'name': 'C30', 'state': 0, 'dir': 'E'}]
2022-11-21 23:10:25,950 Dispatch: block: [{'name': 'C31', 'state': 0, 'dir': 'E'}]
2022-11-21 23:10:25,950 Dispatch: block: [{'name': 'COSGMW', 'state': 0, 'dir': 'E'}]
2022-11-21 23:10:25,950 Dispatch: block: [{'name': 'G10', 'state': 0, 'dir': 'E'}]
2022-11-21 23:10:25,950 Dispatch: block: [{'name': 'G12', 'state': 0, 'dir': 'E'}]
2022-11-21 23:10:25,950 Dispatch: block: [{'name': 'C20', 'state': 0, 'dir': 'E'}]
2022-11-21 23:10:25,950 Dispatch: block: [{'name': 'COSGME', 'state': 0, 'dir': 'E'}]
2022-11-21 23:10:25,950 Dispatch: block: [{'name': 'C44', 'state': 0, 'dir': 'W'}]
2022-11-21 23:10:25,950 Dispatch: block: [{'name': 'C43', 'state': 0, 'dir': 'W'}]
2022-11-21 23:10:25,950 Dispatch: block: [{'name': 'C42', 'state': 0, 'dir': 'W'}]
2022-11-21 23:10:25,950 Dispatch: block: [{'name': 'C41', 'state': 0, 'dir': 'W'}]
2022-11-21 23:10:25,951 Dispatch: block: [{'name': 'C40', 'state': 0, 'dir': 'W'}]
2022-11-21 23:10:25,951 Dispatch: block: [{'name': 'C21', 'state': 0, 'dir': 'W'}]
2022-11-21 23:10:25,951 Dispatch: block: [{'name': 'C50', 'state': 0, 'dir': 'W'}]
2022-11-21 23:10:25,951 Dispatch: block: [{'name': 'C51', 'state': 0, 'dir': 'W'}]
2022-11-21 23:10:25,951 Dispatch: block: [{'name': 'C52', 'state': 0, 'dir': 'W'}]
2022-11-21 23:10:25,951 Dispatch: block: [{'name': 'C53', 'state': 0, 'dir': 'W'}]
2022-11-21 23:10:25,951 Dispatch: block: [{'name': 'C54', 'state': 0, 'dir': 'W'}]
2022-11-21 23:10:25,951 Dispatch: block: [{'name': 'COSSHE', 'state': 0, 'dir': 'W'}]
2022-11-21 23:10:25,951 Dispatch: block: [{'name': 'COSSHW', 'state': 0, 'dir': 'W'}]
2022-11-21 23:10:25,952 Dispatch: turnout: [{'name': 'CSw31', 'state': 'N'}]
2022-11-21 23:10:25,952 Dispatch: turnout: [{'name': 'CSw33', 'state': 'N'}]
2022-11-21 23:10:25,952 Dispatch: turnout: [{'name': 'CSw35', 'state': 'N'}]
2022-11-21 23:10:25,952 Dispatch: turnout: [{'name': 'CSw37', 'state': 'N'}]
2022-11-21 23:10:25,952 Dispatch: turnout: [{'name': 'CSw39', 'state': 'N'}]
2022-11-21 23:10:25,952 Dispatch: turnout: [{'name': 'CSw41', 'state': 'N'}]
2022-11-21 23:10:25,952 Dispatch: turnout: [{'name': 'CSw43', 'state': 'N'}]
2022-11-21 23:10:25,952 Dispatch: turnout: [{'name': 'CSw45', 'state': 'N'}]
2022-11-21 23:10:25,952 Dispatch: turnout: [{'name': 'CSw47', 'state': 'N'}]
2022-11-21 23:10:25,952 Dispatch: turnout: [{'name': 'CSw49', 'state': 'N'}]
2022-11-21 23:10:25,953 Dispatch: turnout: [{'name': 'CSw51', 'state': 'N'}]
2022-11-21 23:10:25,953 Dispatch: turnout: [{'name': 'CSw53', 'state': 'N'}]
2022-11-21 23:10:25,953 Dispatch: turnout: [{'name': 'CSw55', 'state': 'N'}]
2022-11-21 23:10:25,953 Dispatch: turnout: [{'name': 'CSw57', 'state': 'N'}]
2022-11-21 23:10:25,953 Dispatch: turnout: [{'name': 'CSw59', 'state': 'N'}]
2022-11-21 23:10:25,953 Dispatch: turnout: [{'name': 'CSw61', 'state': 'N'}]
2022-11-21 23:10:25,953 Dispatch: turnout: [{'name': 'CSw63', 'state': 'N'}]
2022-11-21 23:10:25,953 Dispatch: turnout: [{'name': 'CSw65', 'state': 'N'}]
2022-11-21 23:10:25,953 Dispatch: turnout: [{'name': 'CSw67', 'state': 'N'}]
2022-11-21 23:10:25,953 Dispatch: turnout: [{'name': 'CSw69', 'state': 'N'}]
2022-11-21 23:10:25,954 Dispatch: turnout: [{'name': 'CSw71', 'state': 'N'}]
2022-11-21 23:10:25,954 Dispatch: turnout: [{'name': 'CSw73', 'state': 'N'}]
2022-11-21 23:10:25,954 Dispatch: turnout: [{'name': 'CSw75', 'state': 'N'}]
2022-11-21 23:10:25,954 Dispatch: turnout: [{'name': 'CSw77', 'state': 'N'}]
2022-11-21 23:10:25,954 Dispatch: turnout: [{'name': 'CSw79', 'state': 'N'}]
2022-11-21 23:10:25,954 Dispatch: turnout: [{'name': 'CSw81', 'state': 'N'}]
2022-11-21 23:10:25,954 Dispatch: turnout: [{'name': 'CSw3', 'state': 'N'}]
2022-11-21 23:10:25,954 Dispatch: siglever: [{'name': 'C2.lvr', 'state': 'N'}]
2022-11-21 23:10:25,954 Dispatch: siglever: [{'name': 'C4.lvr', 'state': 'N'}]
2022-11-21 23:10:25,954 Dispatch: siglever: [{'name': 'C6.lvr', 'state': 'N'}]
2022-11-21 23:10:25,955 Dispatch: siglever: [{'name': 'C8.lvr', 'state': 'N'}]
2022-11-21 23:10:25,955 Dispatch: control: [{'name': 'cliff.fleet', 'value': 0}]
2022-11-21 23:10:25,955 Dispatch: block: [{'name': 'H21', 'state': 0, 'dir': 'E'}]
2022-11-21 23:10:25,955 Dispatch: block: [{'name': 'H21.E', 'state': 0, 'dir': 'E'}]
2022-11-21 23:10:25,955 Dispatch: block: [{'name': 'HOSWW2', 'state': 0, 'dir': 'W'}]
2022-11-21 23:10:25,955 Dispatch: block: [{'name': 'HOSWW', 'state': 0, 'dir': 'W'}]
2022-11-21 23:10:25,955 Dispatch: block: [{'name': 'HOSWE', 'state': 0, 'dir': 'E'}]
2022-11-21 23:10:25,955 Dispatch: block: [{'name': 'H31', 'state': 0, 'dir': 'W'}]
2022-11-21 23:10:25,955 Dispatch: block: [{'name': 'H33', 'state': 0, 'dir': 'W'}]
2022-11-21 23:10:25,955 Dispatch: block: [{'name': 'H34', 'state': 0, 'dir': 'W'}]
2022-11-21 23:10:25,956 Dispatch: block: [{'name': 'H12', 'state': 0, 'dir': 'W'}]
2022-11-21 23:10:25,956 Dispatch: block: [{'name': 'H22', 'state': 0, 'dir': 'E'}]
2022-11-21 23:10:25,956 Dispatch: block: [{'name': 'H43', 'state': 0, 'dir': 'E'}]
2022-11-21 23:10:25,956 Dispatch: block: [{'name': 'H42', 'state': 0, 'dir': 'E'}]
2022-11-21 23:10:25,956 Dispatch: block: [{'name': 'H41', 'state': 0, 'dir': 'E'}]
2022-11-21 23:10:25,956 Dispatch: block: [{'name': 'H40', 'state': 0, 'dir': 'E'}]
2022-11-21 23:10:25,956 Dispatch: block: [{'name': 'HOSEW', 'state': 0, 'dir': 'W'}]
2022-11-21 23:10:25,956 Dispatch: block: [{'name': 'HOSEE', 'state': 0, 'dir': 'E'}]
2022-11-21 23:10:25,956 Dispatch: block: [{'name': 'H13.W', 'state': 0, 'dir': 'W'}]
2022-11-21 23:10:25,957 Dispatch: block: [{'name': 'H13', 'state': 0, 'dir': 'W'}]
2022-11-21 23:10:25,957 Dispatch: control: [{'name': 'hyde.fleet', 'value': 0}]
2022-11-21 23:10:25,957 Dispatch: turnout: [{'name': 'HSw1', 'state': 'N'}]
2022-11-21 23:10:25,957 Dispatch: turnout: [{'name': 'HSw3', 'state': 'N'}]
2022-11-21 23:10:25,957 Dispatch: turnout: [{'name': 'HSw7', 'state': 'N'}]
2022-11-21 23:10:25,957 Dispatch: turnout: [{'name': 'HSw9', 'state': 'N'}]
2022-11-21 23:10:25,957 Dispatch: turnout: [{'name': 'HSw11', 'state': 'N'}]
2022-11-21 23:10:25,957 Dispatch: turnout: [{'name': 'HSw15', 'state': 'N'}]
2022-11-21 23:10:25,957 Dispatch: turnout: [{'name': 'HSw17', 'state': 'N'}]
2022-11-21 23:10:25,957 Dispatch: turnout: [{'name': 'HSw19', 'state': 'N'}]
2022-11-21 23:10:25,958 Dispatch: turnout: [{'name': 'HSw21', 'state': 'N'}]
2022-11-21 23:10:25,958 Dispatch: turnout: [{'name': 'HSw23', 'state': 'N'}]
2022-11-21 23:10:25,958 Dispatch: turnout: [{'name': 'HSw25', 'state': 'N'}]
2022-11-21 23:10:25,958 Dispatch: turnout: [{'name': 'HSw27', 'state': 'N'}]
2022-11-21 23:10:25,958 Dispatch: turnout: [{'name': 'HSw29', 'state': 'N'}]
2022-11-21 23:10:25,958 Dispatch: signal: [{'name': 'Y2R', 'aspect': 0}]
2022-11-21 23:10:25,958 Dispatch: signal: [{'name': 'Y2L', 'aspect': 0}]
2022-11-21 23:10:25,958 Dispatch: signal: [{'name': 'Y4R', 'aspect': 0}]
2022-11-21 23:10:25,958 Dispatch: signal: [{'name': 'Y4LA', 'aspect': 0}]
2022-11-21 23:10:25,958 Dispatch: signal: [{'name': 'Y4LB', 'aspect': 0}]
2022-11-21 23:10:25,958 Dispatch: signal: [{'name': 'Y8RA', 'aspect': 0}]
2022-11-21 23:10:25,959 Dispatch: signal: [{'name': 'Y8RB', 'aspect': 0}]
2022-11-21 23:10:25,959 Dispatch: signal: [{'name': 'Y8RC', 'aspect': 0}]
2022-11-21 23:10:25,959 Dispatch: signal: [{'name': 'Y8L', 'aspect': 0}]
2022-11-21 23:10:25,959 Dispatch: signal: [{'name': 'Y10R', 'aspect': 0}]
2022-11-21 23:10:25,959 Dispatch: signal: [{'name': 'Y10L', 'aspect': 0}]
2022-11-21 23:10:25,959 Dispatch: signal: [{'name': 'Y22R', 'aspect': 0}]
2022-11-21 23:10:25,959 Dispatch: signal: [{'name': 'Y22L', 'aspect': 0}]
2022-11-21 23:10:25,959 Dispatch: signal: [{'name': 'Y24RA', 'aspect': 0}]
2022-11-21 23:10:25,959 Dispatch: signal: [{'name': 'Y24RB', 'aspect': 0}]
2022-11-21 23:10:25,959 Dispatch: signal: [{'name': 'Y26RA', 'aspect': 0}]
2022-11-21 23:10:25,960 Dispatch: signal: [{'name': 'Y26RB', 'aspect': 0}]
2022-11-21 23:10:25,960 Dispatch: signal: [{'name': 'Y26RC', 'aspect': 0}]
2022-11-21 23:10:25,960 Dispatch: signal: [{'name': 'Y26L', 'aspect': 0}]
2022-11-21 23:10:25,960 Dispatch: signal: [{'name': 'Y34R', 'aspect': 0}]
2022-11-21 23:10:25,960 Dispatch: signal: [{'name': 'Y34LA', 'aspect': 0}]
2022-11-21 23:10:25,960 Dispatch: signal: [{'name': 'Y34LB', 'aspect': 0}]
2022-11-21 23:10:25,960 Dispatch: relay: [{'name': 'Y11.srel', 'state': False}]
2022-11-21 23:10:25,960 Dispatch: relay: [{'name': 'Y20.srel', 'state': False}]
2022-11-21 23:10:25,960 Dispatch: relay: [{'name': 'Y21.srel', 'state': False}]
2022-11-21 23:10:25,961 Dispatch: relay: [{'name': 'L10.srel', 'state': False}]
2022-11-21 23:10:25,961 Dispatch: signal: [{'name': 'L4R', 'aspect': 0}]
2022-11-21 23:10:25,961 Dispatch: signal: [{'name': 'L4L', 'aspect': 0}]
2022-11-21 23:10:25,961 Dispatch: signal: [{'name': 'L6RA', 'aspect': 0}]
2022-11-21 23:10:25,961 Dispatch: signal: [{'name': 'L6RB', 'aspect': 0}]
2022-11-21 23:10:25,961 Dispatch: signal: [{'name': 'L6L', 'aspect': 0}]
2022-11-21 23:10:25,961 Dispatch: signal: [{'name': 'L8R', 'aspect': 0}]
2022-11-21 23:10:25,961 Dispatch: signal: [{'name': 'L8L', 'aspect': 0}]
2022-11-21 23:10:25,961 Dispatch: signal: [{'name': 'L14R', 'aspect': 0}]
2022-11-21 23:10:25,961 Dispatch: signal: [{'name': 'L14L', 'aspect': 0}]
2022-11-21 23:10:25,962 Dispatch: signal: [{'name': 'L16R', 'aspect': 0}]
2022-11-21 23:10:25,962 Dispatch: signal: [{'name': 'L18R', 'aspect': 0}]
2022-11-21 23:10:25,962 Dispatch: signal: [{'name': 'L18L', 'aspect': 0}]
2022-11-21 23:10:25,962 Dispatch: signal: [{'name': 'S21E', 'aspect': 1}]
2022-11-21 23:10:25,962 Dispatch: signal: [{'name': 'N20W', 'aspect': 0}]
2022-11-21 23:10:25,962 Dispatch: signal: [{'name': 'S11E', 'aspect': 0}]
2022-11-21 23:10:25,963 Dispatch: signal: [{'name': 'N10W', 'aspect': 1}]
2022-11-21 23:10:25,963 Dispatch: handswitch: [{'name': 'LSw11.hand', 'state': False}]
2022-11-21 23:10:25,963 Dispatch: handswitch: [{'name': 'LSw13.hand', 'state': False}]
2022-11-21 23:10:25,963 Dispatch: relay: [{'name': 'L11.srel', 'state': False}]
2022-11-21 23:10:25,963 Dispatch: relay: [{'name': 'L20.srel', 'state': False}]
2022-11-21 23:10:25,963 Dispatch: relay: [{'name': 'L21.srel', 'state': False}]
2022-11-21 23:10:25,963 Dispatch: relay: [{'name': 'P21.srel', 'state': False}]
2022-11-21 23:10:25,963 Dispatch: relay: [{'name': 'P50.srel', 'state': False}]
2022-11-21 23:10:25,963 Dispatch: relay: [{'name': 'L31.srel', 'state': False}]
2022-11-21 23:10:25,963 Dispatch: relay: [{'name': 'D10.srel', 'state': False}]
2022-11-21 23:10:25,964 Dispatch: relay: [{'name': 'S21.srel', 'state': False}]
2022-11-21 23:10:25,964 Dispatch: relay: [{'name': 'N25.srel', 'state': False}]
2022-11-21 23:10:25,964 Dispatch: signal: [{'name': 'D4RA', 'aspect': 0}]
2022-11-21 23:10:25,964 Dispatch: signal: [{'name': 'D4RB', 'aspect': 0}]
2022-11-21 23:10:25,964 Dispatch: signal: [{'name': 'D4L', 'aspect': 0}]
2022-11-21 23:10:25,964 Dispatch: signal: [{'name': 'D6RA', 'aspect': 0}]
2022-11-21 23:10:25,964 Dispatch: signal: [{'name': 'D6RB', 'aspect': 0}]
2022-11-21 23:10:25,964 Dispatch: signal: [{'name': 'D6L', 'aspect': 0}]
2022-11-21 23:10:25,964 Dispatch: signal: [{'name': 'DXO', 'aspect': 0}]
2022-11-21 23:10:25,965 Dispatch: signal: [{'name': 'D10R', 'aspect': 0}]
2022-11-21 23:10:25,965 Dispatch: signal: [{'name': 'D10L', 'aspect': 0}]
2022-11-21 23:10:25,965 Dispatch: signal: [{'name': 'D12R', 'aspect': 0}]
2022-11-21 23:10:25,965 Dispatch: signal: [{'name': 'D12L', 'aspect': 0}]
2022-11-21 23:10:25,965 Dispatch: signal: [{'name': 'RXO', 'aspect': 0}]
2022-11-21 23:10:25,965 Dispatch: signal: [{'name': 'R10W', 'aspect': 0}]
2022-11-21 23:10:25,965 Dispatch: handswitch: [{'name': 'DSw9.hand', 'state': False}]
2022-11-21 23:10:25,965 Dispatch: relay: [{'name': 'H23.srel', 'state': False}]
2022-11-21 23:10:25,965 Dispatch: relay: [{'name': 'D11.srel', 'state': False}]
2022-11-21 23:10:25,965 Dispatch: relay: [{'name': 'D20.srel', 'state': False}]
2022-11-21 23:10:25,966 Dispatch: relay: [{'name': 'D21.srel', 'state': False}]
2022-11-21 23:10:25,966 Dispatch: relay: [{'name': 'S10.srel', 'state': False}]
2022-11-21 23:10:25,966 Dispatch: relay: [{'name': 'R10.srel', 'state': False}]
2022-11-21 23:10:25,966 Dispatch: signal: [{'name': 'S4LA', 'aspect': 0}]
2022-11-21 23:10:25,966 Dispatch: signal: [{'name': 'S4LB', 'aspect': 0}]
2022-11-21 23:10:25,966 Dispatch: signal: [{'name': 'S4LC', 'aspect': 0}]
2022-11-21 23:10:25,966 Dispatch: signal: [{'name': 'S4R', 'aspect': 0}]
2022-11-21 23:10:25,966 Dispatch: signal: [{'name': 'S8L', 'aspect': 0}]
2022-11-21 23:10:25,967 Dispatch: signal: [{'name': 'S8R', 'aspect': 0}]
2022-11-21 23:10:25,967 Dispatch: signal: [{'name': 'S12LA', 'aspect': 0}]
2022-11-21 23:10:25,967 Dispatch: signal: [{'name': 'S12LB', 'aspect': 0}]
2022-11-21 23:10:25,967 Dispatch: signal: [{'name': 'S12LC', 'aspect': 0}]
2022-11-21 23:10:25,967 Dispatch: signal: [{'name': 'S12R', 'aspect': 0}]
2022-11-21 23:10:25,967 Dispatch: signal: [{'name': 'S16L', 'aspect': 0}]
2022-11-21 23:10:25,967 Dispatch: signal: [{'name': 'S16R', 'aspect': 0}]
2022-11-21 23:10:25,967 Dispatch: signal: [{'name': 'S18LA', 'aspect': 0}]
2022-11-21 23:10:25,967 Dispatch: signal: [{'name': 'S18LB', 'aspect': 0}]
2022-11-21 23:10:25,968 Dispatch: signal: [{'name': 'S18R', 'aspect': 0}]
2022-11-21 23:10:25,968 Dispatch: signal: [{'name': 'S20L', 'aspect': 0}]
2022-11-21 23:10:25,968 Dispatch: signal: [{'name': 'S20R', 'aspect': 0}]
2022-11-21 23:10:25,968 Dispatch: handswitch: [{'name': 'SSw1.hand', 'state': False}]
2022-11-21 23:10:25,968 Dispatch: handswitch: [{'name': 'CSw15.hand', 'state': False}]
2022-11-21 23:10:25,968 Dispatch: relay: [{'name': 'S20.srel', 'state': False}]
2022-11-21 23:10:25,968 Dispatch: relay: [{'name': 'S11.srel', 'state': False}]
2022-11-21 23:10:25,968 Dispatch: relay: [{'name': 'H30.srel', 'state': False}]
2022-11-21 23:10:25,968 Dispatch: relay: [{'name': 'H10.srel', 'state': False}]
2022-11-21 23:10:25,969 Dispatch: relay: [{'name': 'F10.srel', 'state': False}]
2022-11-21 23:10:25,969 Dispatch: relay: [{'name': 'F11.srel', 'state': False}]
2022-11-21 23:10:25,969 Dispatch: relay: [{'name': 'H20.srel', 'state': False}]
2022-11-21 23:10:25,969 Dispatch: relay: [{'name': 'P42.srel', 'state': False}]
2022-11-21 23:10:25,969 Dispatch: relay: [{'name': 'H11.srel', 'state': False}]
2022-11-21 23:10:25,969 Dispatch: signal: [{'name': 'K8R', 'aspect': 0}]
2022-11-21 23:10:25,969 Dispatch: signal: [{'name': 'K4R', 'aspect': 0}]
2022-11-21 23:10:25,969 Dispatch: signal: [{'name': 'K2R', 'aspect': 0}]
2022-11-21 23:10:25,970 Dispatch: signal: [{'name': 'K8LA', 'aspect': 0}]
2022-11-21 23:10:25,970 Dispatch: signal: [{'name': 'K8LB', 'aspect': 0}]
2022-11-21 23:10:25,970 Dispatch: signal: [{'name': 'K2L', 'aspect': 0}]
2022-11-21 23:10:25,970 Dispatch: relay: [{'name': 'N10.srel', 'state': False}]
2022-11-21 23:10:25,970 Dispatch: relay: [{'name': 'N11.srel', 'state': False}]
2022-11-21 23:10:25,970 Dispatch: relay: [{'name': 'N20.srel', 'state': False}]
2022-11-21 23:10:25,970 Dispatch: signal: [{'name': 'N20R', 'aspect': 0}]
2022-11-21 23:10:25,970 Dispatch: signal: [{'name': 'N20L', 'aspect': 0}]
2022-11-21 23:10:25,970 Dispatch: signal: [{'name': 'N18R', 'aspect': 0}]
2022-11-21 23:10:25,971 Dispatch: signal: [{'name': 'N18LA', 'aspect': 0}]
2022-11-21 23:10:25,971 Dispatch: signal: [{'name': 'N18LB', 'aspect': 0}]
2022-11-21 23:10:25,971 Dispatch: signal: [{'name': 'N16R', 'aspect': 0}]
2022-11-21 23:10:25,971 Dispatch: signal: [{'name': 'N16L', 'aspect': 0}]
2022-11-21 23:10:25,971 Dispatch: signal: [{'name': 'N14R', 'aspect': 0}]
2022-11-21 23:10:25,971 Dispatch: signal: [{'name': 'N14LA', 'aspect': 0}]
2022-11-21 23:10:25,971 Dispatch: signal: [{'name': 'N14LB', 'aspect': 0}]
2022-11-21 23:10:25,971 Dispatch: signal: [{'name': 'N14LC', 'aspect': 0}]
2022-11-21 23:10:25,971 Dispatch: signal: [{'name': 'N14LD', 'aspect': 0}]
2022-11-21 23:10:25,972 Dispatch: signal: [{'name': 'N28R', 'aspect': 0}]
2022-11-21 23:10:25,972 Dispatch: signal: [{'name': 'N28L', 'aspect': 0}]
2022-11-21 23:10:25,972 Dispatch: signal: [{'name': 'N26RA', 'aspect': 0}]
2022-11-21 23:10:25,972 Dispatch: signal: [{'name': 'N26RB', 'aspect': 0}]
2022-11-21 23:10:25,972 Dispatch: signal: [{'name': 'N26RC', 'aspect': 0}]
2022-11-21 23:10:25,972 Dispatch: signal: [{'name': 'N26L', 'aspect': 3}]
2022-11-21 23:10:25,973 Dispatch: signal: [{'name': 'N24RA', 'aspect': 0}]
2022-11-21 23:10:25,973 Dispatch: signal: [{'name': 'N24RB', 'aspect': 0}]
2022-11-21 23:10:25,973 Dispatch: signal: [{'name': 'N24RC', 'aspect': 0}]
2022-11-21 23:10:25,973 Dispatch: signal: [{'name': 'N24RD', 'aspect': 0}]
2022-11-21 23:10:25,973 Dispatch: signal: [{'name': 'N24L', 'aspect': 0}]
2022-11-21 23:10:25,973 Dispatch: signal: [{'name': 'N11W', 'aspect': 1}]
2022-11-21 23:10:25,973 Dispatch: signal: [{'name': 'N21W', 'aspect': 0}]
2022-11-21 23:10:25,973 Dispatch: signal: [{'name': 'B20E', 'aspect': 0}]
2022-11-21 23:10:25,973 Dispatch: relay: [{'name': 'N21.srel', 'state': False}]
2022-11-21 23:10:25,973 Dispatch: relay: [{'name': 'B10.srel', 'state': False}]
2022-11-21 23:10:25,973 Dispatch: signal: [{'name': 'C18RA', 'aspect': 0}]
2022-11-21 23:10:25,973 Dispatch: signal: [{'name': 'C18RB', 'aspect': 0}]
2022-11-21 23:10:25,973 Dispatch: signal: [{'name': 'C18L', 'aspect': 0}]
2022-11-21 23:10:25,974 Dispatch: signal: [{'name': 'C22R', 'aspect': 0}]
2022-11-21 23:10:25,974 Dispatch: signal: [{'name': 'C22L', 'aspect': 0}]
2022-11-21 23:10:25,974 Dispatch: signal: [{'name': 'C24R', 'aspect': 0}]
2022-11-21 23:10:25,974 Dispatch: signal: [{'name': 'C24L', 'aspect': 0}]
2022-11-21 23:10:25,974 Dispatch: handswitch: [{'name': 'CSw19.hand', 'state': False}]
2022-11-21 23:10:25,974 Dispatch: handswitch: [{'name': 'CSw21a.hand', 'state': False}]
2022-11-21 23:10:25,974 Dispatch: handswitch: [{'name': 'CSw21b.hand', 'state': False}]
2022-11-21 23:10:25,974 Dispatch: relay: [{'name': 'B20.srel', 'state': False}]
2022-11-21 23:10:25,974 Dispatch: relay: [{'name': 'B11.srel', 'state': False}]
2022-11-21 23:10:25,975 Dispatch: relay: [{'name': 'B21.srel', 'state': False}]
2022-11-21 23:10:25,975 Dispatch: signal: [{'name': 'C14R', 'aspect': 0}]
2022-11-21 23:10:25,975 Dispatch: signal: [{'name': 'C14LA', 'aspect': 0}]
2022-11-21 23:10:25,975 Dispatch: signal: [{'name': 'C14LB', 'aspect': 0}]
2022-11-21 23:10:25,975 Dispatch: signal: [{'name': 'C12R', 'aspect': 0}]
2022-11-21 23:10:25,975 Dispatch: signal: [{'name': 'C12L', 'aspect': 0}]
2022-11-21 23:10:25,975 Dispatch: signal: [{'name': 'C10R', 'aspect': 0}]
2022-11-21 23:10:25,975 Dispatch: signal: [{'name': 'C10L', 'aspect': 0}]
2022-11-21 23:10:25,975 Dispatch: handswitch: [{'name': 'CSw11.hand', 'state': False}]
2022-11-21 23:10:25,975 Dispatch: relay: [{'name': 'C13.srel', 'state': False}]
2022-11-21 23:10:25,976 Dispatch: relay: [{'name': 'C23.srel', 'state': False}]
2022-11-21 23:10:25,976 Dispatch: relay: [{'name': 'C12.srel', 'state': False}]
2022-11-21 23:10:25,976 Dispatch: signal: [{'name': 'C2RA', 'aspect': 0}]
2022-11-21 23:10:25,976 Dispatch: signal: [{'name': 'C2RB', 'aspect': 0}]
2022-11-21 23:10:25,976 Dispatch: signal: [{'name': 'C2RC', 'aspect': 0}]
2022-11-21 23:10:25,976 Dispatch: signal: [{'name': 'C2RD', 'aspect': 0}]
2022-11-21 23:10:25,976 Dispatch: signal: [{'name': 'C2L', 'aspect': 0}]
2022-11-21 23:10:25,976 Dispatch: signal: [{'name': 'C4R', 'aspect': 0}]
2022-11-21 23:10:25,976 Dispatch: signal: [{'name': 'C4LA', 'aspect': 0}]
2022-11-21 23:10:25,977 Dispatch: signal: [{'name': 'C4LB', 'aspect': 0}]
2022-11-21 23:10:25,977 Dispatch: signal: [{'name': 'C4LC', 'aspect': 0}]
2022-11-21 23:10:25,977 Dispatch: signal: [{'name': 'C4LD', 'aspect': 0}]
2022-11-21 23:10:25,977 Dispatch: signal: [{'name': 'C6RA', 'aspect': 0}]
2022-11-21 23:10:25,977 Dispatch: signal: [{'name': 'C6RB', 'aspect': 0}]
2022-11-21 23:10:25,977 Dispatch: signal: [{'name': 'C6RC', 'aspect': 0}]
2022-11-21 23:10:25,977 Dispatch: signal: [{'name': 'C6RD', 'aspect': 0}]
2022-11-21 23:10:25,977 Dispatch: signal: [{'name': 'C6RE', 'aspect': 0}]
2022-11-21 23:10:25,977 Dispatch: signal: [{'name': 'C6RF', 'aspect': 0}]
2022-11-21 23:10:25,977 Dispatch: signal: [{'name': 'C6RG', 'aspect': 0}]
2022-11-21 23:10:25,977 Dispatch: signal: [{'name': 'C6RH', 'aspect': 0}]
2022-11-21 23:10:25,977 Dispatch: signal: [{'name': 'C6GJ', 'aspect': 0}]
2022-11-21 23:10:25,977 Dispatch: signal: [{'name': 'C6RK', 'aspect': 0}]
2022-11-21 23:10:25,978 Dispatch: signal: [{'name': 'C6RL', 'aspect': 0}]
2022-11-21 23:10:25,978 Dispatch: signal: [{'name': 'C6L', 'aspect': 0}]
2022-11-21 23:10:25,978 Dispatch: signal: [{'name': 'C8R', 'aspect': 0}]
2022-11-21 23:10:25,978 Dispatch: signal: [{'name': 'C8LA', 'aspect': 0}]
2022-11-21 23:10:25,978 Dispatch: signal: [{'name': 'C8LB', 'aspect': 0}]
2022-11-21 23:10:25,978 Dispatch: signal: [{'name': 'C8LC', 'aspect': 0}]
2022-11-21 23:10:25,978 Dispatch: signal: [{'name': 'C8LD', 'aspect': 0}]
2022-11-21 23:10:25,978 Dispatch: signal: [{'name': 'C8LE', 'aspect': 0}]
2022-11-21 23:10:25,978 Dispatch: signal: [{'name': 'C8LF', 'aspect': 0}]
2022-11-21 23:10:25,979 Dispatch: signal: [{'name': 'C8LG', 'aspect': 0}]
2022-11-21 23:10:25,979 Dispatch: signal: [{'name': 'C8LH', 'aspect': 0}]
2022-11-21 23:10:25,979 Dispatch: signal: [{'name': 'C8LJ', 'aspect': 0}]
2022-11-21 23:10:25,979 Dispatch: signal: [{'name': 'C8LK', 'aspect': 0}]
2022-11-21 23:10:25,979 Dispatch: signal: [{'name': 'C8LL', 'aspect': 0}]
2022-11-21 23:10:25,980 Dispatch: handswitch: [{'name': 'CSw3.hand', 'state': False}]
2022-11-21 23:10:25,980 Dispatch: signal: [{'name': 'H4LA', 'aspect': 0}]
2022-11-21 23:10:25,980 Dispatch: signal: [{'name': 'H4LB', 'aspect': 0}]
2022-11-21 23:10:25,980 Dispatch: signal: [{'name': 'H4LC', 'aspect': 0}]
2022-11-21 23:10:25,980 Dispatch: signal: [{'name': 'H4LD', 'aspect': 0}]
2022-11-21 23:10:25,980 Dispatch: signal: [{'name': 'H4R', 'aspect': 0}]
2022-11-21 23:10:25,980 Dispatch: signal: [{'name': 'H6LA', 'aspect': 0}]
2022-11-21 23:10:25,980 Dispatch: signal: [{'name': 'H6LB', 'aspect': 0}]
2022-11-21 23:10:25,980 Dispatch: signal: [{'name': 'H6LC', 'aspect': 0}]
2022-11-21 23:10:25,980 Dispatch: signal: [{'name': 'H6LD', 'aspect': 0}]
2022-11-21 23:10:25,981 Dispatch: signal: [{'name': 'H6R', 'aspect': 0}]
2022-11-21 23:10:25,981 Dispatch: signal: [{'name': 'H8L', 'aspect': 0}]
2022-11-21 23:10:25,981 Dispatch: signal: [{'name': 'H8R', 'aspect': 0}]
2022-11-21 23:10:25,981 Dispatch: signal: [{'name': 'H10L', 'aspect': 0}]
2022-11-21 23:10:25,981 Dispatch: signal: [{'name': 'H10RA', 'aspect': 0}]
2022-11-21 23:10:25,981 Dispatch: signal: [{'name': 'H10RB', 'aspect': 0}]
2022-11-21 23:10:25,981 Dispatch: signal: [{'name': 'H10RC', 'aspect': 0}]
2022-11-21 23:10:25,981 Dispatch: signal: [{'name': 'H10RD', 'aspect': 0}]
2022-11-21 23:10:25,981 Dispatch: signal: [{'name': 'H10RE', 'aspect': 0}]
2022-11-21 23:10:25,981 Dispatch: signal: [{'name': 'H12RA', 'aspect': 0}]
2022-11-21 23:10:25,982 Dispatch: signal: [{'name': 'H12RB', 'aspect': 0}]
2022-11-21 23:10:25,982 Dispatch: signal: [{'name': 'H12RC', 'aspect': 0}]
2022-11-21 23:10:25,982 Dispatch: signal: [{'name': 'H12RD', 'aspect': 0}]
2022-11-21 23:10:25,982 Dispatch: signal: [{'name': 'H12RE', 'aspect': 0}]
2022-11-21 23:10:25,982 Dispatch: signal: [{'name': 'H12L', 'aspect': 0}]
2022-11-21 23:10:25,982 Dispatch: relay: [{'name': 'H13.srel', 'state': False}]
2022-11-21 23:10:25,982 Dispatch: relay: [{'name': 'H21.srel', 'state': False}]
2022-11-21 23:10:25,982 Dispatch: setroute: [{'block': 'YOSEJW', 'route': 'YRtY10Y11', 'ends': ['Y11', 'Y10']}]
2022-11-21 23:10:25,982 Dispatch: setroute: [{'block': 'YOSEJE', 'route': 'YRtY20Y21', 'ends': ['Y20', 'Y21']}]
2022-11-21 23:10:25,982 Dispatch: setroute: [{'block': 'YOSCJE', 'route': 'YRtY21L20', 'ends': ['Y21', 'L20']}]
2022-11-21 23:10:25,983 Dispatch: setroute: [{'block': 'YOSCJW', 'route': 'YRtY11L10', 'ends': ['L10', 'Y11']}]
2022-11-21 23:10:25,983 Dispatch: setroute: [{'block': 'YOSKL2', 'route': 'YRtY10Y52', 'ends': ['Y10', 'Y52']}]
2022-11-21 23:10:25,983 Dispatch: setroute: [{'block': 'YOSKL3', 'route': 'None'}]
2022-11-21 23:10:25,983 Dispatch: setroute: [{'block': 'YOSKL1', 'route': 'YRtY20Y51', 'ends': ['Y51', 'Y20']}]
2022-11-21 23:10:25,983 Dispatch: setroute: [{'block': 'YOSKL4', 'route': 'YRtY30Y51', 'ends': ['Y30', 'Y51']}]
2022-11-21 23:10:25,983 Dispatch: setroute: [{'block': 'YOSWYE', 'route': 'YRtY87Y81', 'ends': ['Y81', 'Y87']}]
2022-11-21 23:10:25,983 Dispatch: setroute: [{'block': 'YOSWYW', 'route': 'YRtY70Y81', 'ends': ['Y81', 'Y70']}]
2022-11-21 23:10:25,983 Dispatch: setroute: [{'block': 'LOSLAW', 'route': 'LRtL10L11A', 'ends': ['L11', 'L10']}]
2022-11-21 23:10:25,983 Dispatch: setroute: [{'block': 'LOSLAM', 'route': 'LRtL20L21', 'ends': ['L20', 'L21']}]
2022-11-21 23:10:25,983 Dispatch: setroute: [{'block': 'LOSLAE', 'route': 'LRtP21L31A', 'ends': ['P21', 'L31']}]
2022-11-21 23:10:25,984 Dispatch: setroute: [{'block': 'LOSCAW', 'route': 'LRtL11D10', 'ends': ['D10', 'L11']}]
2022-11-21 23:10:25,984 Dispatch: setroute: [{'block': 'LOSCAM', 'route': 'LRtL21D20', 'ends': ['L21', 'D20']}]
2022-11-21 23:10:25,984 Dispatch: setroute: [{'block': 'LOSCAE', 'route': 'None'}]
2022-11-21 23:10:25,984 Dispatch: setroute: [{'block': 'DOSVJW', 'route': 'DRtD10D11', 'ends': ['D11', 'D10']}]
2022-11-21 23:10:25,984 Dispatch: setroute: [{'block': 'DOSVJE', 'route': 'DRtD20D21', 'ends': ['D20', 'D21']}]
2022-11-21 23:10:25,984 Dispatch: setroute: [{'block': 'DOSFOE', 'route': 'DRtD21S20', 'ends': ['D21', 'S20']}]
2022-11-21 23:10:25,984 Dispatch: setroute: [{'block': 'DOSFOW', 'route': 'DRtD11S10', 'ends': ['S10', 'D11']}]
2022-11-21 23:10:25,984 Dispatch: setroute: [{'block': 'SOSW', 'route': 'SRtS10H10', 'ends': ['H10', 'S10']}]
2022-11-21 23:10:25,984 Dispatch: setroute: [{'block': 'SOSE', 'route': 'SRtS20H20', 'ends': ['S20', 'H20']}]
2022-11-21 23:10:25,985 Dispatch: setroute: [{'block': 'SOSHF', 'route': 'SRtF10F11', 'ends': ['F10', 'F11']}]
2022-11-21 23:10:25,985 Dispatch: setroute: [{'block': 'SOSHJW', 'route': 'SRtH10H11', 'ends': ['H11', 'H10']}]
2022-11-21 23:10:25,985 Dispatch: setroute: [{'block': 'SOSHJM', 'route': 'SRtH20H21', 'ends': ['H20', 'H21']}]
2022-11-21 23:10:25,985 Dispatch: setroute: [{'block': 'SOSHJE', 'route': 'SRtP42N25', 'ends': ['P42', 'N25']}]
2022-11-21 23:10:25,985 Dispatch: setroute: [{'block': 'KOSW', 'route': 'KRtN10N11', 'ends': ['N11', 'N10']}]
2022-11-21 23:10:25,985 Dispatch: setroute: [{'block': 'KOSM', 'route': 'None'}]
2022-11-21 23:10:25,985 Dispatch: setroute: [{'block': 'KOSE', 'route': 'KRtN20N21', 'ends': ['N20', 'N21']}]
2022-11-21 23:10:25,985 Dispatch: setroute: [{'block': 'KOSN10S11', 'route': 'KRtN10S11', 'ends': ['N10', 'S11']}]
2022-11-21 23:10:25,985 Dispatch: setroute: [{'block': 'KOSN20S21', 'route': 'KRtN20S21', 'ends': ['S21', 'N20']}]
2022-11-21 23:10:25,986 Dispatch: setroute: [{'block': 'N60', 'route': 'NRtN60D', 'ends': ['NWOSCY']}]
2022-11-21 23:10:25,986 Dispatch: setroute: [{'block': 'NWOSTY', 'route': 'NRtT12W10', 'ends': ['W10', 'T12']}]
2022-11-21 23:10:25,986 Dispatch: setroute: [{'block': 'NWOSCY', 'route': 'NRtN60N31', 'ends': ['N31', 'N60']}]
2022-11-21 23:10:25,986 Dispatch: setroute: [{'block': 'NWOSW', 'route': 'NRtN11N12', 'ends': ['N12', 'N11']}]
2022-11-21 23:10:25,986 Dispatch: setroute: [{'block': 'NWOSE', 'route': 'NRtN21N22', 'ends': ['N21', 'N22']}]
2022-11-21 23:10:25,986 Dispatch: setroute: [{'block': 'NEOSRH', 'route': 'NRtR10W11', 'ends': ['R10', 'W11']}]
2022-11-21 23:10:25,986 Dispatch: setroute: [{'block': 'NEOSW', 'route': 'NRtB10N12', 'ends': ['B10', 'N12']}]
2022-11-21 23:10:25,986 Dispatch: setroute: [{'block': 'NEOSE', 'route': 'NRtB20N22', 'ends': ['N22', 'B20']}]
2022-11-21 23:10:25,987 Dispatch: setroute: [{'block': 'BOSWW', 'route': 'BRtB10B11', 'ends': ['B11', 'B10']}]
2022-11-21 23:10:25,987 Dispatch: setroute: [{'block': 'BOSWE', 'route': 'BRtB20B21', 'ends': ['B21', 'B20']}]
2022-11-21 23:10:25,987 Dispatch: setroute: [{'block': 'BOSE', 'route': 'BRtB21C13', 'ends': ['B21', 'C13']}]
2022-11-21 23:10:25,987 Dispatch: setroute: [{'block': 'COSCLW', 'route': 'CRtC13C23', 'ends': ['C23', 'C13']}]
2022-11-21 23:10:25,987 Dispatch: setroute: [{'block': 'COSCLEW', 'route': 'CRtC23C22', 'ends': ['C22', 'C23']}]
2022-11-21 23:10:25,987 Dispatch: setroute: [{'block': 'COSCLEE', 'route': 'CRtC12C11', 'ends': ['C12', 'C11']}]
2022-11-21 23:10:25,987 Dispatch: setroute: [{'block': 'COSGMW', 'route': 'CRtC11C10', 'ends': ['C11', 'C10']}]
2022-11-21 23:10:25,988 Dispatch: setroute: [{'block': 'COSGME', 'route': 'CRtC10C20', 'ends': ['C10', 'C20']}]
2022-11-21 23:10:25,988 Dispatch: setroute: [{'block': 'COSSHE', 'route': 'CRtC20C44', 'ends': ['C20', 'C44']}]
2022-11-21 23:10:25,988 Dispatch: setroute: [{'block': 'COSSHW', 'route': 'CRtC21C22', 'ends': ['C21', 'C22']}]
2022-11-21 23:10:25,988 Dispatch: setroute: [{'block': 'HOSWW', 'route': 'HRtH11H12', 'ends': ['H12', 'H11']}]
2022-11-21 23:10:25,988 Dispatch: setroute: [{'block': 'HOSWW2', 'route': 'HRtH30H31', 'ends': ['H31', 'H30']}]
2022-11-21 23:10:25,988 Dispatch: setroute: [{'block': 'HOSWE', 'route': 'HRtH21H22', 'ends': ['H21', 'H22']}]
2022-11-21 23:10:25,988 Dispatch: setroute: [{'block': 'HOSEW', 'route': 'HRtH12H13', 'ends': ['H13', 'H12']}]
2022-11-21 23:10:25,988 Dispatch: setroute: [{'block': 'HOSEE', 'route': 'HRtH22H23', 'ends': ['H22', 'H23']}]
2022-11-21 23:10:25,989 Dispatch: fleet: [{'name': 'N18R', 'value': 0}]
2022-11-21 23:10:25,989 Dispatch: fleet: [{'name': 'N16R', 'value': 0}]
2022-11-21 23:10:25,989 Dispatch: fleet: [{'name': 'N14R', 'value': 0}]
2022-11-21 23:10:25,989 Dispatch: fleet: [{'name': 'N20L', 'value': 0}]
2022-11-21 23:10:25,989 Dispatch: fleet: [{'name': 'N18LA', 'value': 0}]
2022-11-21 23:10:25,989 Dispatch: fleet: [{'name': 'N18LB', 'value': 0}]
2022-11-21 23:10:25,989 Dispatch: fleet: [{'name': 'N16L', 'value': 0}]
2022-11-21 23:10:25,989 Dispatch: fleet: [{'name': 'N14LA', 'value': 0}]
2022-11-21 23:10:25,989 Dispatch: fleet: [{'name': 'N14LB', 'value': 0}]
2022-11-21 23:10:25,989 Dispatch: fleet: [{'name': 'N14LC', 'value': 0}]
2022-11-21 23:10:25,990 Dispatch: fleet: [{'name': 'N14LD', 'value': 0}]
2022-11-21 23:10:25,990 Dispatch: fleet: [{'name': 'N28R', 'value': 0}]
2022-11-21 23:10:25,990 Dispatch: fleet: [{'name': 'N26RA', 'value': 0}]
2022-11-21 23:10:25,990 Dispatch: fleet: [{'name': 'N26RB', 'value': 0}]
2022-11-21 23:10:25,990 Dispatch: fleet: [{'name': 'N26RC', 'value': 0}]
2022-11-21 23:10:25,990 Dispatch: fleet: [{'name': 'N24RA', 'value': 0}]
2022-11-21 23:10:25,990 Dispatch: fleet: [{'name': 'N24RB', 'value': 0}]
2022-11-21 23:10:25,990 Dispatch: fleet: [{'name': 'N24RC', 'value': 0}]
2022-11-21 23:10:25,990 Dispatch: fleet: [{'name': 'N24RD', 'value': 0}]
2022-11-21 23:10:25,991 Dispatch: fleet: [{'name': 'N28L', 'value': 0}]
2022-11-21 23:10:25,991 Dispatch: fleet: [{'name': 'N26L', 'value': 0}]
2022-11-21 23:10:25,991 Dispatch: fleet: [{'name': 'N24L', 'value': 0}]
2022-11-21 23:10:25,991 Dispatch: fleet: [{'name': 'L8R', 'value': 0}]
2022-11-21 23:10:25,991 Dispatch: fleet: [{'name': 'L8L', 'value': 0}]
2022-11-21 23:10:25,991 Dispatch: fleet: [{'name': 'L6RA', 'value': 0}]
2022-11-21 23:10:25,991 Dispatch: fleet: [{'name': 'L6RB', 'value': 0}]
2022-11-21 23:10:25,991 Dispatch: fleet: [{'name': 'L6L', 'value': 0}]
2022-11-21 23:10:25,991 Dispatch: fleet: [{'name': 'L4R', 'value': 0}]
2022-11-21 23:10:25,992 Dispatch: fleet: [{'name': 'L4L', 'value': 0}]
2022-11-21 23:10:25,992 Dispatch: fleet: [{'name': 'L18R', 'value': 0}]
2022-11-21 23:10:25,992 Dispatch: fleet: [{'name': 'L18L', 'value': 0}]
2022-11-21 23:10:25,992 Dispatch: fleet: [{'name': 'L16R', 'value': 0}]
2022-11-21 23:10:25,992 Dispatch: fleet: [{'name': 'L14R', 'value': 0}]
2022-11-21 23:10:25,992 Dispatch: fleet: [{'name': 'L14L', 'value': 0}]
2022-11-21 23:10:25,992 Dispatch: fleet: [{'name': 'D6RA', 'value': 1}]
2022-11-21 23:10:25,992 Dispatch: fleet: [{'name': 'D6RB', 'value': 1}]
2022-11-21 23:10:25,993 Dispatch: fleet: [{'name': 'D6L', 'value': 1}]
2022-11-21 23:10:25,993 Dispatch: fleet: [{'name': 'D4RA', 'value': 1}]
2022-11-21 23:10:25,993 Dispatch: fleet: [{'name': 'D4RB', 'value': 1}]
2022-11-21 23:10:25,993 Dispatch: fleet: [{'name': 'D4L', 'value': 1}]
2022-11-21 23:10:25,993 Dispatch: fleet: [{'name': 'D10R', 'value': 0}]
2022-11-21 23:10:25,993 Dispatch: fleet: [{'name': 'D10L', 'value': 0}]
2022-11-21 23:10:25,993 Dispatch: fleet: [{'name': 'D12R', 'value': 0}]
2022-11-21 23:10:25,993 Dispatch: fleet: [{'name': 'D12L', 'value': 0}]
2022-11-21 23:10:25,993 Dispatch: fleet: [{'name': 'S4R', 'value': 0}]
2022-11-21 23:10:25,993 Dispatch: fleet: [{'name': 'S12R', 'value': 0}]
2022-11-21 23:10:25,993 Dispatch: fleet: [{'name': 'S4LA', 'value': 0}]
2022-11-21 23:10:25,994 Dispatch: fleet: [{'name': 'S4LB', 'value': 0}]
2022-11-21 23:10:25,994 Dispatch: fleet: [{'name': 'S4LC', 'value': 0}]
2022-11-21 23:10:25,994 Dispatch: fleet: [{'name': 'S12LA', 'value': 0}]
2022-11-21 23:10:25,994 Dispatch: fleet: [{'name': 'S12LB', 'value': 0}]
2022-11-21 23:10:25,994 Dispatch: fleet: [{'name': 'S12LC', 'value': 0}]
2022-11-21 23:10:25,994 Dispatch: fleet: [{'name': 'S20R', 'value': 0}]
2022-11-21 23:10:25,994 Dispatch: fleet: [{'name': 'S18R', 'value': 0}]
2022-11-21 23:10:25,994 Dispatch: fleet: [{'name': 'S16R', 'value': 0}]
2022-11-21 23:10:25,994 Dispatch: fleet: [{'name': 'S20L', 'value': 0}]
2022-11-21 23:10:25,994 Dispatch: fleet: [{'name': 'S18LA', 'value': 0}]
2022-11-21 23:10:25,994 Dispatch: fleet: [{'name': 'S18LB', 'value': 0}]
2022-11-21 23:10:25,994 Dispatch: fleet: [{'name': 'S16L', 'value': 0}]
2022-11-21 23:10:25,994 Dispatch: fleet: [{'name': 'K8R', 'value': 0}]
2022-11-21 23:10:25,994 Dispatch: fleet: [{'name': 'K4R', 'value': 0}]
2022-11-21 23:10:25,994 Dispatch: fleet: [{'name': 'K2R', 'value': 0}]
2022-11-21 23:10:25,995 Dispatch: fleet: [{'name': 'K8LA', 'value': 0}]
2022-11-21 23:10:25,995 Dispatch: fleet: [{'name': 'K8LB', 'value': 0}]
2022-11-21 23:10:25,995 Dispatch: fleet: [{'name': 'K2L', 'value': 0}]
2022-11-21 23:10:25,995 Dispatch: fleet: [{'name': 'C22R', 'value': 0}]
2022-11-21 23:10:25,995 Dispatch: fleet: [{'name': 'C24R', 'value': 0}]
2022-11-21 23:10:25,995 Dispatch: fleet: [{'name': 'C22L', 'value': 0}]
2022-11-21 23:10:25,995 Dispatch: fleet: [{'name': 'C24L', 'value': 0}]
2022-11-21 23:10:25,995 Dispatch: fleet: [{'name': 'C10R', 'value': 0}]
2022-11-21 23:10:25,995 Dispatch: fleet: [{'name': 'C12R', 'value': 0}]
2022-11-21 23:10:25,995 Dispatch: fleet: [{'name': 'C10L', 'value': 0}]
2022-11-21 23:10:25,995 Dispatch: fleet: [{'name': 'C12L', 'value': 0}]
2022-11-21 23:10:25,995 Dispatch: control: [{'name': 'nassau', 'value': 0}]
2022-11-21 23:10:25,995 Dispatch: control: [{'name': 'cliff', 'value': 0}]
2022-11-21 23:10:25,995 Dispatch: control: [{'name': 'yard', 'value': 0}]
2022-11-21 23:10:25,995 Dispatch: control: [{'name': 'signal4', 'value': 0}]
2022-11-21 23:10:25,995 Dispatch: control: [{'name': 'cliff.fleet', 'value': 0}]
2022-11-21 23:10:25,996 Dispatch: control: [{'name': 'hyde.fleet', 'value': 0}]
2022-11-21 23:10:25,996 Dispatch: control: [{'name': 'port.fleet', 'value': 0}]
2022-11-21 23:10:25,996 Dispatch: control: [{'name': 'yard.fleet', 'value': 0}]
2022-11-21 23:10:25,996 Dispatch: settrain: [{'block': 'NWOSW', 'name': 'HEX', 'loco': '7600'}]
2022-11-21 23:10:25,996 Dispatch: settrain: [{'name': 'HEX', 'loco': '7600', 'block': 'NWOSW'}]
2022-11-21 23:10:49,006 Display process ending
